2017-07-20 10:39:40,954 Layers: 4, FeaturesRoot: 16, ConvolutionSize: 3*3*3, PoolingSize: 2*2*2
2017-07-20 10:39:40,980 Down Convoltion Layer: 0 Size: (?, ?, ?, ?, 16)
2017-07-20 10:39:41,003 Down Convoltion Layer: 1 Size: (?, ?, ?, ?, 32)
2017-07-20 10:39:41,024 Down Convoltion Layer: 2 Size: (?, ?, ?, ?, 64)
2017-07-20 10:39:41,044 Down Convoltion Layer: 3 Size: (?, ?, ?, ?, 128)
2017-07-20 10:39:41,106 Up Convoltion Layer: 2 Size: Tensor("going_up/layer_up_2/Shape_3:0", shape=(5,), dtype=int32)
2017-07-20 10:39:41,213 Up Convoltion Layer: 1 Size: Tensor("going_up/layer_up_1/Shape_3:0", shape=(5,), dtype=int32)
2017-07-20 10:39:41,274 Up Convoltion Layer: 0 Size: Tensor("going_up/layer_up_0/Shape_3:0", shape=(5,), dtype=int32)
2017-07-20 10:39:41,280 Output map shape (?, ?, ?, ?, 1), offset 88
2017-07-20 10:39:41,280 Actual Output Shape: (?, ?, ?, ?, 1)
2017-07-20 10:39:41,280 Desired Output Shape: (?, ?, ?, ?, 1)
2017-07-20 10:39:41,284 **************************************************
2017-07-20 10:39:41,284 getting cost
2017-07-20 10:39:41,284 Logits: (?, ?, ?, ?, 1)
2017-07-20 10:39:41,284 Y: (?, ?, ?, ?, 1)
2017-07-20 10:40:16,236 Layers: 4, FeaturesRoot: 16, ConvolutionSize: 3*3*3, PoolingSize: 2*2*2
2017-07-20 10:40:16,286 Down Convoltion Layer: 0 Size: (?, ?, ?, ?, 16)
2017-07-20 10:40:16,324 Down Convoltion Layer: 1 Size: (?, ?, ?, ?, 32)
2017-07-20 10:40:16,356 Down Convoltion Layer: 2 Size: (?, ?, ?, ?, 64)
2017-07-20 10:40:16,386 Down Convoltion Layer: 3 Size: (?, ?, ?, ?, 128)
2017-07-20 10:40:16,464 Up Convoltion Layer: 2 Size: Tensor("going_up/layer_up_2/Shape_3:0", shape=(5,), dtype=int32)
2017-07-20 10:40:16,537 Up Convoltion Layer: 1 Size: Tensor("going_up/layer_up_1/Shape_3:0", shape=(5,), dtype=int32)
2017-07-20 10:40:16,610 Up Convoltion Layer: 0 Size: Tensor("going_up/layer_up_0/Shape_3:0", shape=(5,), dtype=int32)
2017-07-20 10:40:16,617 Output map shape (?, ?, ?, ?, 1), offset 88
2017-07-20 10:40:16,617 Actual Output Shape: (?, ?, ?, ?, 1)
2017-07-20 10:40:16,617 Desired Output Shape: (?, ?, ?, ?, 1)
2017-07-20 10:40:16,622 **************************************************
2017-07-20 10:40:16,622 getting cost
2017-07-20 10:40:16,622 Logits: (?, ?, ?, ?, 1)
2017-07-20 10:40:16,622 Y: (?, ?, ?, ?, 1)
