2017-06-27 16:06:17,541 Layers: 3, FeaturesRoot: 16, ConvolutionSize: 3*3*3, PoolingSize: 2*2*2
2017-06-27 16:06:17,569 Down Convoltion Layer: 0 Size: (?, ?, ?, ?, 16)
2017-06-27 16:06:17,593 Down Convoltion Layer: 1 Size: (?, ?, ?, ?, 32)
2017-06-27 16:06:17,617 Down Convoltion Layer: 2 Size: (?, ?, ?, ?, 64)
2017-06-27 16:06:17,689 Up Convoltion Layer: 1 Size: (?, ?, ?, ?, 32)
2017-06-27 16:06:17,758 Up Convoltion Layer: 0 Size: (?, ?, ?, ?, 16)
2017-06-27 16:06:17,768 Actual Output Shape: (?, ?, ?, ?, 1)
2017-06-27 16:06:17,768 Desired Output Shape: (?, ?, ?, ?, 1)
2017-06-27 16:06:17,772 **************************************************
2017-06-27 16:06:17,772 getting cost
2017-06-27 16:06:17,772 Logits: (?, ?, ?, ?, 1)
2017-06-27 16:06:17,772 Y: (?, ?, ?, ?, 1)
2017-06-27 16:09:02,306 Layers: 3, FeaturesRoot: 16, ConvolutionSize: 3*3*3, PoolingSize: 2*2*2
2017-06-27 16:09:02,360 Down Convoltion Layer: 0 Size: (?, ?, ?, ?, 16)
2017-06-27 16:09:02,400 Down Convoltion Layer: 1 Size: (?, ?, ?, ?, 32)
2017-06-27 16:09:02,434 Down Convoltion Layer: 2 Size: (?, ?, ?, ?, 64)
2017-06-27 16:09:02,523 Up Convoltion Layer: 1 Size: (?, ?, ?, ?, 32)
2017-06-27 16:09:02,595 Up Convoltion Layer: 0 Size: (?, ?, ?, ?, 16)
2017-06-27 16:09:02,606 Actual Output Shape: (?, ?, ?, ?, 1)
2017-06-27 16:09:02,606 Desired Output Shape: (?, ?, ?, ?, 1)
2017-06-27 16:09:02,610 **************************************************
2017-06-27 16:09:02,610 getting cost
2017-06-27 16:09:02,610 Logits: (?, ?, ?, ?, 1)
2017-06-27 16:09:02,611 Y: (?, ?, ?, ?, 1)
2017-06-27 16:09:15,877 Removing '/mnt/DATA/gp1514/Dropbox/Projects/pw25/ziyang/3d_unet/prediction'
2017-06-27 16:09:15,877 Removing '/mnt/DATA/gp1514/Dropbox/Projects/pw25/ziyang/3d_unet/unet_trained'
2017-06-27 16:09:15,877 Allocating '/mnt/DATA/gp1514/Dropbox/Projects/pw25/ziyang/3d_unet/prediction'
2017-06-27 16:09:15,877 Allocating '/mnt/DATA/gp1514/Dropbox/Projects/pw25/ziyang/3d_unet/unet_trained'
2017-06-27 16:09:16,455 Case: /home/gp1514/Dropbox/2016-paolo/preprocessed_data/LabelMapsNEW2_1.00-1.00-1.00/070/case.nrrd
2017-06-27 16:11:40,544 Layers: 3, FeaturesRoot: 16, ConvolutionSize: 3*3*3, PoolingSize: 2*2*2
2017-06-27 16:11:40,580 Down Convoltion Layer: 0 Size: (?, ?, ?, ?, 16)
2017-06-27 16:11:40,608 Down Convoltion Layer: 1 Size: (?, ?, ?, ?, 32)
2017-06-27 16:11:40,633 Down Convoltion Layer: 2 Size: (?, ?, ?, ?, 64)
2017-06-27 16:11:40,705 Up Convoltion Layer: 1 Size: (?, ?, ?, ?, 32)
2017-06-27 16:11:40,775 Up Convoltion Layer: 0 Size: (?, ?, ?, ?, 16)
2017-06-27 16:11:40,787 Actual Output Shape: (?, ?, ?, ?, 1)
2017-06-27 16:11:40,787 Desired Output Shape: (?, ?, ?, ?, 1)
2017-06-27 16:11:40,791 **************************************************
2017-06-27 16:11:40,791 getting cost
2017-06-27 16:11:40,791 Logits: (?, ?, ?, ?, 1)
2017-06-27 16:11:40,791 Y: (?, ?, ?, ?, 1)
2017-06-27 16:11:42,644 Removing '/mnt/DATA/gp1514/Dropbox/Projects/pw25/ziyang/3d_unet/prediction'
2017-06-27 16:11:42,644 Removing '/mnt/DATA/gp1514/Dropbox/Projects/pw25/ziyang/3d_unet/unet_trained'
2017-06-27 16:11:42,645 Allocating '/mnt/DATA/gp1514/Dropbox/Projects/pw25/ziyang/3d_unet/prediction'
2017-06-27 16:11:42,645 Allocating '/mnt/DATA/gp1514/Dropbox/Projects/pw25/ziyang/3d_unet/unet_trained'
2017-06-27 16:11:42,724 Case: /mnt/DATA/gp1514/Dropbox/2016-paolo/preprocessed_data/LabelMapsNEW2_1.00-1.00-1.00/070/case.nrrd
2017-06-27 16:13:44,346 Layers: 3, FeaturesRoot: 16, ConvolutionSize: 3*3*3, PoolingSize: 2*2*2
2017-06-27 16:13:44,400 Down Convoltion Layer: 0 Size: (?, ?, ?, ?, 16)
2017-06-27 16:13:44,440 Down Convoltion Layer: 1 Size: (?, ?, ?, ?, 32)
2017-06-27 16:13:44,475 Down Convoltion Layer: 2 Size: (?, ?, ?, ?, 64)
2017-06-27 16:13:44,564 Up Convoltion Layer: 1 Size: (?, ?, ?, ?, 32)
2017-06-27 16:13:44,736 Up Convoltion Layer: 0 Size: (?, ?, ?, ?, 16)
2017-06-27 16:13:44,749 Actual Output Shape: (?, ?, ?, ?, 1)
2017-06-27 16:13:44,749 Desired Output Shape: (?, ?, ?, ?, 1)
2017-06-27 16:13:44,753 **************************************************
2017-06-27 16:13:44,753 getting cost
2017-06-27 16:13:44,753 Logits: (?, ?, ?, ?, 1)
2017-06-27 16:13:44,753 Y: (?, ?, ?, ?, 1)
2017-06-27 16:13:45,458 Removing '/mnt/DATA/gp1514/Dropbox/Projects/pw25/ziyang/3d_unet/prediction'
2017-06-27 16:13:45,459 Removing '/mnt/DATA/gp1514/Dropbox/Projects/pw25/ziyang/3d_unet/unet_trained'
2017-06-27 16:13:45,459 Allocating '/mnt/DATA/gp1514/Dropbox/Projects/pw25/ziyang/3d_unet/prediction'
2017-06-27 16:13:45,459 Allocating '/mnt/DATA/gp1514/Dropbox/Projects/pw25/ziyang/3d_unet/unet_trained'
2017-06-27 16:13:45,528 Case: /mnt/DATA/gp1514/Dropbox/2016-paolo/preprocessed_data/LabelMapsNEW2_1.00-1.00-1.00/070/case.nrrd
2017-06-27 16:13:50,233 Validation Accuracy= 0.0094, Validation Loss= 0.9816
2017-06-27 16:13:50,547 Start optimization
2017-06-27 16:13:50,547 Case: /mnt/DATA/gp1514/Dropbox/2016-paolo/preprocessed_data/LabelMapsNEW2_1.00-1.00-1.00/007/case.nrrd
2017-06-27 16:13:59,715 Iter 0, Minibatch Loss= 0.9927, Accuracy= 0.0037, Prediction= (array([ 1.], dtype=float32), array([1259712])), Desired= (array([ 0.,  1.], dtype=float32), array([1255060,    4652]))
2017-06-27 16:13:59,750 Case: /mnt/DATA/gp1514/Dropbox/2016-paolo/preprocessed_data/LabelMapsNEW2_1.00-1.00-1.00/008/case.nrrd
2017-06-27 16:14:02,514 Iter 1, Minibatch Loss= 0.9935, Accuracy= 0.0033, Prediction= (array([ 1.], dtype=float32), array([1259712])), Desired= (array([ 0.,  1.], dtype=float32), array([1255613,    4099]))
2017-06-27 16:14:02,565 Case: /mnt/DATA/gp1514/Dropbox/2016-paolo/preprocessed_data/LabelMapsNEW2_1.00-1.00-1.00/012/case.nrrd
2017-06-27 16:14:05,330 Iter 2, Minibatch Loss= 0.9908, Accuracy= 0.0046, Prediction= (array([ 1.], dtype=float32), array([1259712])), Desired= (array([ 0.,  1.], dtype=float32), array([1253876,    5836]))
2017-06-27 16:14:05,370 Case: /mnt/DATA/gp1514/Dropbox/2016-paolo/preprocessed_data/LabelMapsNEW2_1.00-1.00-1.00/014/case.nrrd
2017-06-27 16:14:08,446 Iter 3, Minibatch Loss= 0.9947, Accuracy= 0.0027, Prediction= (array([ 1.], dtype=float32), array([1259712])), Desired= (array([ 0.,  1.], dtype=float32), array([1256346,    3366]))
2017-06-27 16:14:08,498 Case: /mnt/DATA/gp1514/Dropbox/2016-paolo/preprocessed_data/LabelMapsNEW2_1.00-1.00-1.00/016/case.nrrd
2017-06-27 16:14:11,403 Iter 4, Minibatch Loss= 0.9898, Accuracy= 0.0052, Prediction= (array([ 1.], dtype=float32), array([1259712])), Desired= (array([ 0.,  1.], dtype=float32), array([1253208,    6504]))
2017-06-27 16:14:11,456 Case: /mnt/DATA/gp1514/Dropbox/2016-paolo/preprocessed_data/LabelMapsNEW2_1.00-1.00-1.00/021/case.nrrd
2017-06-27 16:14:14,833 Iter 5, Minibatch Loss= 0.9948, Accuracy= 0.0026, Prediction= (array([ 1.], dtype=float32), array([1259712])), Desired= (array([ 0.,  1.], dtype=float32), array([1256421,    3291]))
2017-06-27 16:14:14,870 Case: /mnt/DATA/gp1514/Dropbox/2016-paolo/preprocessed_data/LabelMapsNEW2_1.00-1.00-1.00/022/case.nrrd
2017-06-27 16:14:18,021 Iter 6, Minibatch Loss= 0.9901, Accuracy= 0.0050, Prediction= (array([ 1.], dtype=float32), array([1259712])), Desired= (array([ 0.,  1.], dtype=float32), array([1253426,    6286]))
2017-06-27 16:14:18,081 Case: /mnt/DATA/gp1514/Dropbox/2016-paolo/preprocessed_data/LabelMapsNEW2_1.00-1.00-1.00/023/case.nrrd
2017-06-27 16:14:21,079 Iter 7, Minibatch Loss= 0.9840, Accuracy= 0.0081, Prediction= (array([ 1.], dtype=float32), array([1259712])), Desired= (array([ 0.,  1.], dtype=float32), array([1249484,   10228]))
2017-06-27 16:14:21,115 Case: /mnt/DATA/gp1514/Dropbox/2016-paolo/preprocessed_data/LabelMapsNEW2_1.00-1.00-1.00/024/case.nrrd
2017-06-27 16:14:23,806 Iter 8, Minibatch Loss= 0.9945, Accuracy= 0.0028, Prediction= (array([ 1.], dtype=float32), array([1259712])), Desired= (array([ 0.,  1.], dtype=float32), array([1256235,    3477]))
2017-06-27 16:14:23,838 Case: /mnt/DATA/gp1514/Dropbox/2016-paolo/preprocessed_data/LabelMapsNEW2_1.00-1.00-1.00/025/case.nrrd
2017-06-27 16:14:26,862 Iter 9, Minibatch Loss= 0.9911, Accuracy= 0.0045, Prediction= (array([ 1.], dtype=float32), array([1259712])), Desired= (array([ 0.,  1.], dtype=float32), array([1254033,    5679]))
2017-06-27 16:14:26,913 Case: /mnt/DATA/gp1514/Dropbox/2016-paolo/preprocessed_data/LabelMapsNEW2_1.00-1.00-1.00/026/case.nrrd
2017-06-27 16:14:30,136 Iter 10, Minibatch Loss= 0.9744, Accuracy= 0.0132, Prediction= (array([ 1.], dtype=float32), array([1259712])), Desired= (array([ 0.,  1.], dtype=float32), array([1243142,   16570]))
2017-06-27 16:14:30,178 Case: /mnt/DATA/gp1514/Dropbox/2016-paolo/preprocessed_data/LabelMapsNEW2_1.00-1.00-1.00/027/case.nrrd
2017-06-27 16:14:33,194 Iter 11, Minibatch Loss= 0.9985, Accuracy= 0.0008, Prediction= (array([ 1.], dtype=float32), array([1259712])), Desired= (array([ 0.,  1.], dtype=float32), array([1258754,     958]))
2017-06-27 16:14:33,243 Case: /mnt/DATA/gp1514/Dropbox/2016-paolo/preprocessed_data/LabelMapsNEW2_1.00-1.00-1.00/029/case.nrrd
2017-06-27 16:14:36,267 Iter 12, Minibatch Loss= 0.9878, Accuracy= 0.0062, Prediction= (array([ 1.], dtype=float32), array([1259712])), Desired= (array([ 0.,  1.], dtype=float32), array([1251927,    7785]))
2017-06-27 16:14:36,304 Case: /mnt/DATA/gp1514/Dropbox/2016-paolo/preprocessed_data/LabelMapsNEW2_1.00-1.00-1.00/030/case.nrrd
2017-06-27 16:14:39,355 Iter 13, Minibatch Loss= 0.9860, Accuracy= 0.0071, Prediction= (array([ 1.], dtype=float32), array([1259712])), Desired= (array([ 0.,  1.], dtype=float32), array([1250802,    8910]))
2017-06-27 16:14:39,409 Case: /mnt/DATA/gp1514/Dropbox/2016-paolo/preprocessed_data/LabelMapsNEW2_1.00-1.00-1.00/031/case.nrrd
2017-06-27 16:14:42,549 Iter 14, Minibatch Loss= 0.9800, Accuracy= 0.0102, Prediction= (array([ 1.], dtype=float32), array([1259712])), Desired= (array([ 0.,  1.], dtype=float32), array([1246833,   12879]))
2017-06-27 16:14:42,587 Case: /mnt/DATA/gp1514/Dropbox/2016-paolo/preprocessed_data/LabelMapsNEW2_1.00-1.00-1.00/033/case.nrrd
2017-06-27 16:14:45,726 Iter 15, Minibatch Loss= 0.9926, Accuracy= 0.0037, Prediction= (array([ 1.], dtype=float32), array([1259712])), Desired= (array([ 0.,  1.], dtype=float32), array([1255043,    4669]))
2017-06-27 16:14:45,759 Case: /mnt/DATA/gp1514/Dropbox/2016-paolo/preprocessed_data/LabelMapsNEW2_1.00-1.00-1.00/034/case.nrrd
2017-06-27 16:14:48,726 Iter 16, Minibatch Loss= 0.9941, Accuracy= 0.0029, Prediction= (array([ 1.], dtype=float32), array([1259712])), Desired= (array([ 0.,  1.], dtype=float32), array([1256000,    3712]))
2017-06-27 16:14:48,773 Case: /mnt/DATA/gp1514/Dropbox/2016-paolo/preprocessed_data/LabelMapsNEW2_1.00-1.00-1.00/035/case.nrrd
2017-06-27 16:14:51,885 Iter 17, Minibatch Loss= 0.9677, Accuracy= 0.0167, Prediction= (array([ 1.], dtype=float32), array([1259712])), Desired= (array([ 0.,  1.], dtype=float32), array([1238693,   21019]))
2017-06-27 16:14:51,922 Case: /mnt/DATA/gp1514/Dropbox/2016-paolo/preprocessed_data/LabelMapsNEW2_1.00-1.00-1.00/037/case.nrrd
2017-06-27 16:14:54,677 Iter 18, Minibatch Loss= 0.9983, Accuracy= 0.0008, Prediction= (array([ 1.], dtype=float32), array([1259712])), Desired= (array([ 0.,  1.], dtype=float32), array([1258661,    1051]))
2017-06-27 16:14:54,714 Case: /mnt/DATA/gp1514/Dropbox/2016-paolo/preprocessed_data/LabelMapsNEW2_1.00-1.00-1.00/038/case.nrrd
2017-06-27 16:14:57,773 Iter 19, Minibatch Loss= 0.9984, Accuracy= 0.0008, Prediction= (array([ 1.], dtype=float32), array([1259712])), Desired= (array([ 0.,  1.], dtype=float32), array([1258703,    1009]))
2017-06-27 16:14:57,823 Case: /mnt/DATA/gp1514/Dropbox/2016-paolo/preprocessed_data/LabelMapsNEW2_1.00-1.00-1.00/039/case.nrrd
2017-06-27 16:15:00,768 Iter 20, Minibatch Loss= 0.9800, Accuracy= 0.0102, Prediction= (array([ 1.], dtype=float32), array([1259712])), Desired= (array([ 0.,  1.], dtype=float32), array([1246842,   12870]))
2017-06-27 16:15:00,823 Case: /mnt/DATA/gp1514/Dropbox/2016-paolo/preprocessed_data/LabelMapsNEW2_1.00-1.00-1.00/040/case.nrrd
2017-06-27 16:15:03,835 Iter 21, Minibatch Loss= 0.9859, Accuracy= 0.0071, Prediction= (array([ 1.], dtype=float32), array([1259712])), Desired= (array([ 0.,  1.], dtype=float32), array([1250731,    8981]))
2017-06-27 16:15:03,867 Case: /mnt/DATA/gp1514/Dropbox/2016-paolo/preprocessed_data/LabelMapsNEW2_1.00-1.00-1.00/041/case.nrrd
2017-06-27 16:15:06,735 Iter 22, Minibatch Loss= 0.9605, Accuracy= 0.0206, Prediction= (array([ 1.], dtype=float32), array([1259712])), Desired= (array([ 0.,  1.], dtype=float32), array([1233800,   25912]))
2017-06-27 16:15:06,781 Case: /mnt/DATA/gp1514/Dropbox/2016-paolo/preprocessed_data/LabelMapsNEW2_1.00-1.00-1.00/042/case.nrrd
2017-06-27 16:15:09,730 Iter 23, Minibatch Loss= 0.9789, Accuracy= 0.0108, Prediction= (array([ 1.], dtype=float32), array([1259712])), Desired= (array([ 0.,  1.], dtype=float32), array([1246148,   13564]))
2017-06-27 16:15:09,762 Case: /mnt/DATA/gp1514/Dropbox/2016-paolo/preprocessed_data/LabelMapsNEW2_1.00-1.00-1.00/044/case.nrrd
2017-06-27 16:15:12,795 Iter 24, Minibatch Loss= 0.9833, Accuracy= 0.0085, Prediction= (array([ 1.], dtype=float32), array([1259712])), Desired= (array([ 0.,  1.], dtype=float32), array([1249049,   10663]))
2017-06-27 16:15:12,849 Case: /mnt/DATA/gp1514/Dropbox/2016-paolo/preprocessed_data/LabelMapsNEW2_1.00-1.00-1.00/045/case.nrrd
2017-06-27 16:15:15,862 Iter 25, Minibatch Loss= 0.9857, Accuracy= 0.0072, Prediction= (array([ 1.], dtype=float32), array([1259712])), Desired= (array([ 0.,  1.], dtype=float32), array([1250605,    9107]))
2017-06-27 16:15:15,893 Case: /mnt/DATA/gp1514/Dropbox/2016-paolo/preprocessed_data/LabelMapsNEW2_1.00-1.00-1.00/048/case.nrrd
2017-06-27 16:15:19,072 Iter 26, Minibatch Loss= 0.9746, Accuracy= 0.0130, Prediction= (array([ 1.], dtype=float32), array([1259712])), Desired= (array([ 0.,  1.], dtype=float32), array([1243294,   16418]))
2017-06-27 16:15:19,122 Case: /mnt/DATA/gp1514/Dropbox/2016-paolo/preprocessed_data/LabelMapsNEW2_1.00-1.00-1.00/049/case.nrrd
2017-06-27 16:15:22,114 Iter 27, Minibatch Loss= 0.9884, Accuracy= 0.0059, Prediction= (array([ 1.], dtype=float32), array([1259712])), Desired= (array([ 0.,  1.], dtype=float32), array([1252307,    7405]))
2017-06-27 16:15:22,162 Case: /mnt/DATA/gp1514/Dropbox/2016-paolo/preprocessed_data/LabelMapsNEW2_1.00-1.00-1.00/050/case.nrrd
2017-06-27 16:15:25,264 Iter 28, Minibatch Loss= 0.9758, Accuracy= 0.0124, Prediction= (array([ 1.], dtype=float32), array([1259712])), Desired= (array([ 0.,  1.], dtype=float32), array([1244121,   15591]))
2017-06-27 16:15:25,309 Case: /mnt/DATA/gp1514/Dropbox/2016-paolo/preprocessed_data/LabelMapsNEW2_1.00-1.00-1.00/053/case.nrrd
2017-06-27 16:15:28,367 Iter 29, Minibatch Loss= 0.9872, Accuracy= 0.0065, Prediction= (array([ 1.], dtype=float32), array([1259712])), Desired= (array([ 0.,  1.], dtype=float32), array([1251543,    8169]))
2017-06-27 16:15:28,399 Case: /mnt/DATA/gp1514/Dropbox/2016-paolo/preprocessed_data/LabelMapsNEW2_1.00-1.00-1.00/056/case.nrrd
2017-06-27 16:15:31,277 Iter 30, Minibatch Loss= 0.9873, Accuracy= 0.0064, Prediction= (array([ 1.], dtype=float32), array([1259712])), Desired= (array([ 0.,  1.], dtype=float32), array([1251603,    8109]))
2017-06-27 16:15:31,310 Case: /mnt/DATA/gp1514/Dropbox/2016-paolo/preprocessed_data/LabelMapsNEW2_1.00-1.00-1.00/058/case.nrrd
2017-06-27 16:15:34,191 Iter 31, Minibatch Loss= 0.9912, Accuracy= 0.0044, Prediction= (array([ 1.], dtype=float32), array([1259712])), Desired= (array([ 0.,  1.], dtype=float32), array([1254138,    5574]))
2017-06-27 16:15:34,244 Case: /mnt/DATA/gp1514/Dropbox/2016-paolo/preprocessed_data/LabelMapsNEW2_1.00-1.00-1.00/059/case.nrrd
2017-06-27 16:15:37,390 Iter 32, Minibatch Loss= 0.9540, Accuracy= 0.0240, Prediction= (array([ 1.], dtype=float32), array([1259712])), Desired= (array([ 0.,  1.], dtype=float32), array([1229440,   30272]))
2017-06-27 16:15:37,443 Case: /mnt/DATA/gp1514/Dropbox/2016-paolo/preprocessed_data/LabelMapsNEW2_1.00-1.00-1.00/060/case.nrrd
2017-06-27 16:15:40,428 Iter 33, Minibatch Loss= 0.9866, Accuracy= 0.0068, Prediction= (array([ 1.], dtype=float32), array([1259712])), Desired= (array([ 0.,  1.], dtype=float32), array([1251157,    8555]))
2017-06-27 16:15:40,479 Case: /mnt/DATA/gp1514/Dropbox/2016-paolo/preprocessed_data/LabelMapsNEW2_1.00-1.00-1.00/063/case.nrrd
2017-06-27 16:15:43,677 Iter 34, Minibatch Loss= 0.9631, Accuracy= 0.0191, Prediction= (array([ 1.], dtype=float32), array([1259712])), Desired= (array([ 0.,  1.], dtype=float32), array([1235660,   24052]))
2017-06-27 16:15:43,725 Case: /mnt/DATA/gp1514/Dropbox/2016-paolo/preprocessed_data/LabelMapsNEW2_1.00-1.00-1.00/064/case.nrrd
2017-06-27 16:15:46,716 Iter 35, Minibatch Loss= 0.9711, Accuracy= 0.0148, Prediction= (array([ 1.], dtype=float32), array([1259712])), Desired= (array([ 0.,  1.], dtype=float32), array([1241056,   18656]))
2017-06-27 16:15:46,756 Case: /mnt/DATA/gp1514/Dropbox/2016-paolo/preprocessed_data/LabelMapsNEW2_1.00-1.00-1.00/069/case.nrrd
2017-06-27 16:15:49,591 Iter 36, Minibatch Loss= 0.9527, Accuracy= 0.0245, Prediction= (array([ 1.], dtype=float32), array([1259712])), Desired= (array([ 0.,  1.], dtype=float32), array([1228804,   30908]))
2017-06-27 16:15:49,645 Epoch 0, Average loss: 0.9838, Learning rate: 0.0010
2017-06-27 16:15:49,992 Validation Accuracy= 0.0094, Validation Loss= 0.9816
2017-06-27 16:15:50,296 Case: /mnt/DATA/gp1514/Dropbox/2016-paolo/preprocessed_data/LabelMapsNEW2_1.00-1.00-1.00/007/case.nrrd
2017-06-27 16:15:52,929 Iter 37, Minibatch Loss= 0.9926, Accuracy= 0.0093, Prediction= (array([ 0.,  1.], dtype=float32), array([   7092, 1252620])), Desired= (array([ 0.,  1.], dtype=float32), array([1255060,    4652]))
2017-06-27 16:15:52,980 Case: /mnt/DATA/gp1514/Dropbox/2016-paolo/preprocessed_data/LabelMapsNEW2_1.00-1.00-1.00/008/case.nrrd
2017-06-27 16:15:55,627 Iter 38, Minibatch Loss= 0.9934, Accuracy= 0.0635, Prediction= (array([ 0.,  1.], dtype=float32), array([  75946, 1183766])), Desired= (array([ 0.,  1.], dtype=float32), array([1255613,    4099]))
2017-06-27 16:15:55,681 Case: /mnt/DATA/gp1514/Dropbox/2016-paolo/preprocessed_data/LabelMapsNEW2_1.00-1.00-1.00/012/case.nrrd
2017-06-27 16:15:58,362 Iter 39, Minibatch Loss= 0.9902, Accuracy= 0.2220, Prediction= (array([ 0.,  1.], dtype=float32), array([275058, 984654])), Desired= (array([ 0.,  1.], dtype=float32), array([1253876,    5836]))
2017-06-27 16:15:58,404 Case: /mnt/DATA/gp1514/Dropbox/2016-paolo/preprocessed_data/LabelMapsNEW2_1.00-1.00-1.00/014/case.nrrd
2017-06-27 16:16:01,206 Iter 40, Minibatch Loss= 0.9935, Accuracy= 0.5588, Prediction= (array([ 0.,  1.], dtype=float32), array([700658, 559054])), Desired= (array([ 0.,  1.], dtype=float32), array([1256346,    3366]))
2017-06-27 16:16:01,263 Case: /mnt/DATA/gp1514/Dropbox/2016-paolo/preprocessed_data/LabelMapsNEW2_1.00-1.00-1.00/016/case.nrrd
2017-06-27 16:16:03,990 Iter 41, Minibatch Loss= 0.9901, Accuracy= 0.5311, Prediction= (array([ 0.,  1.], dtype=float32), array([669378, 590334])), Desired= (array([ 0.,  1.], dtype=float32), array([1253208,    6504]))
2017-06-27 16:16:04,039 Case: /mnt/DATA/gp1514/Dropbox/2016-paolo/preprocessed_data/LabelMapsNEW2_1.00-1.00-1.00/021/case.nrrd
2017-06-27 16:16:06,670 Iter 42, Minibatch Loss= 0.9945, Accuracy= 0.3535, Prediction= (array([ 0.,  1.], dtype=float32), array([443768, 815944])), Desired= (array([ 0.,  1.], dtype=float32), array([1256421,    3291]))
2017-06-27 16:16:06,707 Case: /mnt/DATA/gp1514/Dropbox/2016-paolo/preprocessed_data/LabelMapsNEW2_1.00-1.00-1.00/022/case.nrrd
2017-06-27 16:16:09,455 Iter 43, Minibatch Loss= 0.9904, Accuracy= 0.6652, Prediction= (array([ 0.,  1.], dtype=float32), array([839709, 420003])), Desired= (array([ 0.,  1.], dtype=float32), array([1253426,    6286]))
2017-06-27 16:16:17,603 Layers: 3, FeaturesRoot: 16, ConvolutionSize: 3*3*3, PoolingSize: 2*2*2
2017-06-27 16:16:17,627 Down Convoltion Layer: 0 Size: (?, ?, ?, ?, 16)
2017-06-27 16:16:17,647 Down Convoltion Layer: 1 Size: (?, ?, ?, ?, 32)
2017-06-27 16:16:17,667 Down Convoltion Layer: 2 Size: (?, ?, ?, ?, 64)
2017-06-27 16:16:17,728 Up Convoltion Layer: 1 Size: (?, ?, ?, ?, 32)
2017-06-27 16:16:17,788 Up Convoltion Layer: 0 Size: (?, ?, ?, ?, 16)
2017-06-27 16:16:17,798 Actual Output Shape: (?, ?, ?, ?, 1)
2017-06-27 16:16:17,798 Desired Output Shape: (?, ?, ?, ?, 1)
2017-06-27 16:16:17,801 **************************************************
2017-06-27 16:16:17,801 getting cost
2017-06-27 16:16:17,801 Logits: (?, ?, ?, ?, 1)
2017-06-27 16:16:17,801 Y: (?, ?, ?, ?, 1)
2017-06-27 16:16:18,519 Removing '/mnt/DATA/gp1514/Dropbox/Projects/pw25/ziyang/3d_unet/prediction'
2017-06-27 16:16:18,519 Removing '/mnt/DATA/gp1514/Dropbox/Projects/pw25/ziyang/3d_unet/unet_trained'
2017-06-27 16:16:18,520 Allocating '/mnt/DATA/gp1514/Dropbox/Projects/pw25/ziyang/3d_unet/prediction'
2017-06-27 16:16:18,520 Allocating '/mnt/DATA/gp1514/Dropbox/Projects/pw25/ziyang/3d_unet/unet_trained'
2017-06-27 16:16:18,590 Case: /mnt/DATA/gp1514/Dropbox/2016-paolo/preprocessed_data/LabelMapsNEW2_1.00-1.00-1.00/070/case.nrrd
2017-06-27 16:16:20,162 Validation Accuracy= 0.0094, Validation Loss= 0.9816
2017-06-27 16:16:20,409 Start optimization
2017-06-27 16:16:20,409 Case: /mnt/DATA/gp1514/Dropbox/2016-paolo/preprocessed_data/LabelMapsNEW2_1.00-1.00-1.00/007/case.nrrd
2017-06-27 16:16:23,188 Iter 0, Minibatch Loss= 0.9927, Accuracy= 0.0037, Prediction= (array([ 1.], dtype=float32), array([1259712])), Desired= (array([ 0.,  1.], dtype=float32), array([1255060,    4652]))
2017-06-27 16:16:23,240 Case: /mnt/DATA/gp1514/Dropbox/2016-paolo/preprocessed_data/LabelMapsNEW2_1.00-1.00-1.00/008/case.nrrd
2017-06-27 16:16:25,907 Iter 1, Minibatch Loss= 0.9935, Accuracy= 0.0033, Prediction= (array([ 1.], dtype=float32), array([1259712])), Desired= (array([ 0.,  1.], dtype=float32), array([1255613,    4099]))
2017-06-27 16:16:25,939 Case: /mnt/DATA/gp1514/Dropbox/2016-paolo/preprocessed_data/LabelMapsNEW2_1.00-1.00-1.00/012/case.nrrd
2017-06-27 16:16:28,466 Iter 2, Minibatch Loss= 0.9908, Accuracy= 0.0046, Prediction= (array([ 1.], dtype=float32), array([1259712])), Desired= (array([ 0.,  1.], dtype=float32), array([1253876,    5836]))
2017-06-27 16:16:28,498 Case: /mnt/DATA/gp1514/Dropbox/2016-paolo/preprocessed_data/LabelMapsNEW2_1.00-1.00-1.00/014/case.nrrd
2017-06-27 16:16:31,042 Iter 3, Minibatch Loss= 0.9947, Accuracy= 0.0027, Prediction= (array([ 1.], dtype=float32), array([1259712])), Desired= (array([ 0.,  1.], dtype=float32), array([1256346,    3366]))
2017-06-27 16:16:31,077 Case: /mnt/DATA/gp1514/Dropbox/2016-paolo/preprocessed_data/LabelMapsNEW2_1.00-1.00-1.00/016/case.nrrd
2017-06-27 16:16:33,638 Iter 4, Minibatch Loss= 0.9898, Accuracy= 0.0052, Prediction= (array([ 1.], dtype=float32), array([1259712])), Desired= (array([ 0.,  1.], dtype=float32), array([1253208,    6504]))
2017-06-27 16:16:33,670 Case: /mnt/DATA/gp1514/Dropbox/2016-paolo/preprocessed_data/LabelMapsNEW2_1.00-1.00-1.00/021/case.nrrd
2017-06-27 16:16:36,235 Iter 5, Minibatch Loss= 0.9948, Accuracy= 0.0026, Prediction= (array([ 1.], dtype=float32), array([1259712])), Desired= (array([ 0.,  1.], dtype=float32), array([1256421,    3291]))
2017-06-27 16:16:36,272 Case: /mnt/DATA/gp1514/Dropbox/2016-paolo/preprocessed_data/LabelMapsNEW2_1.00-1.00-1.00/022/case.nrrd
2017-06-27 16:16:39,013 Iter 6, Minibatch Loss= 0.9901, Accuracy= 0.0050, Prediction= (array([ 1.], dtype=float32), array([1259712])), Desired= (array([ 0.,  1.], dtype=float32), array([1253426,    6286]))
2017-06-27 16:16:39,051 Case: /mnt/DATA/gp1514/Dropbox/2016-paolo/preprocessed_data/LabelMapsNEW2_1.00-1.00-1.00/023/case.nrrd
2017-06-27 16:16:41,865 Iter 7, Minibatch Loss= 0.9840, Accuracy= 0.0081, Prediction= (array([ 1.], dtype=float32), array([1259712])), Desired= (array([ 0.,  1.], dtype=float32), array([1249484,   10228]))
2017-06-27 16:16:41,903 Case: /mnt/DATA/gp1514/Dropbox/2016-paolo/preprocessed_data/LabelMapsNEW2_1.00-1.00-1.00/024/case.nrrd
2017-06-27 16:16:44,494 Iter 8, Minibatch Loss= 0.9945, Accuracy= 0.0028, Prediction= (array([ 1.], dtype=float32), array([1259712])), Desired= (array([ 0.,  1.], dtype=float32), array([1256235,    3477]))
2017-06-27 16:16:44,541 Case: /mnt/DATA/gp1514/Dropbox/2016-paolo/preprocessed_data/LabelMapsNEW2_1.00-1.00-1.00/025/case.nrrd
2017-06-27 16:16:47,288 Iter 9, Minibatch Loss= 0.9911, Accuracy= 0.0045, Prediction= (array([ 1.], dtype=float32), array([1259712])), Desired= (array([ 0.,  1.], dtype=float32), array([1254033,    5679]))
2017-06-27 16:16:47,321 Case: /mnt/DATA/gp1514/Dropbox/2016-paolo/preprocessed_data/LabelMapsNEW2_1.00-1.00-1.00/026/case.nrrd
2017-06-27 16:16:50,093 Iter 10, Minibatch Loss= 0.9744, Accuracy= 0.0132, Prediction= (array([ 1.], dtype=float32), array([1259712])), Desired= (array([ 0.,  1.], dtype=float32), array([1243142,   16570]))
2017-06-27 16:16:50,144 Case: /mnt/DATA/gp1514/Dropbox/2016-paolo/preprocessed_data/LabelMapsNEW2_1.00-1.00-1.00/027/case.nrrd
2017-06-27 16:16:52,866 Iter 11, Minibatch Loss= 0.9985, Accuracy= 0.0008, Prediction= (array([ 1.], dtype=float32), array([1259712])), Desired= (array([ 0.,  1.], dtype=float32), array([1258754,     958]))
2017-06-27 16:16:52,916 Case: /mnt/DATA/gp1514/Dropbox/2016-paolo/preprocessed_data/LabelMapsNEW2_1.00-1.00-1.00/029/case.nrrd
2017-06-27 16:16:55,747 Iter 12, Minibatch Loss= 0.9878, Accuracy= 0.0062, Prediction= (array([ 1.], dtype=float32), array([1259712])), Desired= (array([ 0.,  1.], dtype=float32), array([1251927,    7785]))
2017-06-27 16:16:55,800 Case: /mnt/DATA/gp1514/Dropbox/2016-paolo/preprocessed_data/LabelMapsNEW2_1.00-1.00-1.00/030/case.nrrd
2017-06-27 16:16:58,601 Iter 13, Minibatch Loss= 0.9860, Accuracy= 0.0071, Prediction= (array([ 1.], dtype=float32), array([1259712])), Desired= (array([ 0.,  1.], dtype=float32), array([1250802,    8910]))
2017-06-27 16:16:58,648 Case: /mnt/DATA/gp1514/Dropbox/2016-paolo/preprocessed_data/LabelMapsNEW2_1.00-1.00-1.00/031/case.nrrd
2017-06-27 16:17:01,504 Iter 14, Minibatch Loss= 0.9800, Accuracy= 0.0102, Prediction= (array([ 1.], dtype=float32), array([1259712])), Desired= (array([ 0.,  1.], dtype=float32), array([1246833,   12879]))
2017-06-27 16:17:01,536 Case: /mnt/DATA/gp1514/Dropbox/2016-paolo/preprocessed_data/LabelMapsNEW2_1.00-1.00-1.00/033/case.nrrd
2017-06-27 16:17:04,214 Iter 15, Minibatch Loss= 0.9926, Accuracy= 0.0037, Prediction= (array([ 1.], dtype=float32), array([1259712])), Desired= (array([ 0.,  1.], dtype=float32), array([1255043,    4669]))
2017-06-27 16:17:04,247 Case: /mnt/DATA/gp1514/Dropbox/2016-paolo/preprocessed_data/LabelMapsNEW2_1.00-1.00-1.00/034/case.nrrd
2017-06-27 16:17:06,793 Iter 16, Minibatch Loss= 0.9941, Accuracy= 0.0029, Prediction= (array([ 1.], dtype=float32), array([1259712])), Desired= (array([ 0.,  1.], dtype=float32), array([1256000,    3712]))
2017-06-27 16:17:06,825 Case: /mnt/DATA/gp1514/Dropbox/2016-paolo/preprocessed_data/LabelMapsNEW2_1.00-1.00-1.00/035/case.nrrd
2017-06-27 16:17:09,509 Iter 17, Minibatch Loss= 0.9677, Accuracy= 0.0167, Prediction= (array([ 1.], dtype=float32), array([1259712])), Desired= (array([ 0.,  1.], dtype=float32), array([1238693,   21019]))
2017-06-27 16:17:09,545 Case: /mnt/DATA/gp1514/Dropbox/2016-paolo/preprocessed_data/LabelMapsNEW2_1.00-1.00-1.00/037/case.nrrd
2017-06-27 16:17:12,351 Iter 18, Minibatch Loss= 0.9983, Accuracy= 0.0008, Prediction= (array([ 1.], dtype=float32), array([1259712])), Desired= (array([ 0.,  1.], dtype=float32), array([1258661,    1051]))
2017-06-27 16:17:12,387 Case: /mnt/DATA/gp1514/Dropbox/2016-paolo/preprocessed_data/LabelMapsNEW2_1.00-1.00-1.00/038/case.nrrd
2017-06-27 16:17:15,139 Iter 19, Minibatch Loss= 0.9984, Accuracy= 0.0008, Prediction= (array([ 1.], dtype=float32), array([1259712])), Desired= (array([ 0.,  1.], dtype=float32), array([1258703,    1009]))
2017-06-27 16:17:15,175 Case: /mnt/DATA/gp1514/Dropbox/2016-paolo/preprocessed_data/LabelMapsNEW2_1.00-1.00-1.00/039/case.nrrd
