2017-07-20 10:57:24,686 Layers: 4, FeaturesRoot: 16, ConvolutionSize: 3*3*3, PoolingSize: 2*2*2
2017-07-20 10:57:24,719 Down Convoltion Layer: 0 Size: (?, ?, ?, ?, 16)
2017-07-20 10:57:24,745 Down Convoltion Layer: 1 Size: (?, ?, ?, ?, 32)
2017-07-20 10:57:24,771 Down Convoltion Layer: 2 Size: (?, ?, ?, ?, 64)
2017-07-20 10:57:24,800 Down Convoltion Layer: 3 Size: (?, ?, ?, ?, 128)
2017-07-20 10:57:24,867 Up Convoltion Layer: 2 Size: Tensor("going_up/layer_up_2/Shape_3:0", shape=(5,), dtype=int32)
2017-07-20 10:57:24,978 Up Convoltion Layer: 1 Size: Tensor("going_up/layer_up_1/Shape_3:0", shape=(5,), dtype=int32)
2017-07-20 10:57:25,038 Up Convoltion Layer: 0 Size: Tensor("going_up/layer_up_0/Shape_3:0", shape=(5,), dtype=int32)
2017-07-20 10:57:25,045 Output map shape (?, ?, ?, ?, 1), offset 88
2017-07-20 10:57:25,045 Actual Output Shape: (?, ?, ?, ?, 1)
2017-07-20 10:57:25,045 Desired Output Shape: (?, ?, ?, ?, 1)
2017-07-20 10:57:25,048 **************************************************
2017-07-20 10:57:25,048 getting cost
2017-07-20 10:57:25,048 Logits: (?, ?, ?, ?, 1)
2017-07-20 10:57:25,048 Y: (?, ?, ?, ?, 1)
2017-07-20 10:59:23,555 Removing '/mnt/DATA/gp1514/Dropbox/Projects/pw25/ziyang/3d_unet/prediction'
2017-07-20 10:59:23,555 Removing '/mnt/DATA/gp1514/Dropbox/Projects/pw25/ziyang/3d_unet/unet_trained'
2017-07-20 10:59:23,555 Allocating '/mnt/DATA/gp1514/Dropbox/Projects/pw25/ziyang/3d_unet/prediction'
2017-07-20 10:59:23,555 Allocating '/mnt/DATA/gp1514/Dropbox/Projects/pw25/ziyang/3d_unet/unet_trained'
2017-07-20 10:59:26,778 Validation Accuracy= 0.9767, Validation Loss= nan
2017-07-20 10:59:27,084 Start optimization
2017-07-20 10:59:37,087 Iter 0, Minibatch Loss= nan, Accuracy= 0.9954
2017-07-20 11:02:43,319 Removing '/mnt/DATA/gp1514/Dropbox/Projects/pw25/ziyang/3d_unet/prediction'
2017-07-20 11:02:43,319 Removing '/mnt/DATA/gp1514/Dropbox/Projects/pw25/ziyang/3d_unet/unet_trained'
2017-07-20 11:02:43,319 Allocating '/mnt/DATA/gp1514/Dropbox/Projects/pw25/ziyang/3d_unet/prediction'
2017-07-20 11:02:43,319 Allocating '/mnt/DATA/gp1514/Dropbox/Projects/pw25/ziyang/3d_unet/unet_trained'
2017-07-20 11:02:44,344 Validation Accuracy= 1.0000, Validation Loss= nan
2017-07-20 11:02:44,744 Start optimization
2017-07-20 11:02:47,280 Iter 0, Minibatch Loss= nan, Accuracy= 1.0000
