2017-03-13 18:06:12,599 Layers: 3 FeaturesRoot: 16                 ConvolutionSize: 3*3*3, PoolingSize: 2*2*2
2017-03-13 18:06:12,663 Down Convoltion Layer: 0 Size: (?, ?, ?, ?, 16)
2017-03-13 18:06:12,722 Down Convoltion Layer: 1 Size: (?, ?, ?, ?, 32)
2017-03-13 18:06:12,780 Down Convoltion Layer: 2 Size: (?, ?, ?, ?, 64)
2017-03-13 18:06:12,971 Up Convoltion Layer: 1 Size: Tensor("going_up/layer_up_1/Shape_3:0", shape=(5,), dtype=int32)
2017-03-13 18:06:13,162 Up Convoltion Layer: 0 Size: Tensor("going_up/layer_up_0/Shape_3:0", shape=(5,), dtype=int32)
2017-03-13 18:06:13,191 (?, ?, ?, ?, 2)
2017-03-13 18:06:13,191 (?, ?, ?, ?, 2)
2017-03-13 18:06:13,191 **************************************************
2017-03-13 18:06:13,191 getting cost
2017-03-13 18:06:13,191 (?, ?, ?, ?, 2)
2017-03-13 18:06:13,191 (?, ?, ?, ?, 2)
2017-03-13 18:06:17,392 Removing '/home/ubuntu/ziyang/3d_unet/prediction'
2017-03-13 18:06:17,393 Removing '/home/ubuntu/ziyang/3d_unet/unet_trained'
2017-03-13 18:06:17,394 Allocating '/home/ubuntu/ziyang/3d_unet/prediction'
2017-03-13 18:06:17,394 Allocating '/home/ubuntu/ziyang/3d_unet/unet_trained'
2017-03-13 18:06:21,329 Case: /home/ubuntu/ziyang/preprocessed_data/LabelMaps_1.00-1.00-1.00/070/case.nrrd
2017-03-13 18:06:23,551 Validation Error= 13.5, Validation Loss= 0.5948
2017-03-13 18:06:26,404 Start optimization
2017-03-13 18:06:26,405 Case: /home/ubuntu/ziyang/preprocessed_data/LabelMaps_1.00-1.00-1.00/008/case.nrrd
2017-03-13 18:06:41,185 Iter 0, Minibatch Loss= 0.4410, Training Accuracy= 0.8643, Minibatch Error= 13.6, LogitsMatrix= [ 0.55377632  0.82129544], Predictions= [ 0.43351623  0.56648374]
2017-03-13 18:06:41,185 Case: /home/ubuntu/ziyang/preprocessed_data/LabelMaps_1.00-1.00-1.00/012/case.nrrd
2017-03-13 18:06:55,841 Iter 1, Minibatch Loss= 0.3469, Training Accuracy= 0.8112, Minibatch Error= 18.9, LogitsMatrix= [ 0.56011665  0.63359916], Predictions= [ 0.4816376   0.51836234]
2017-03-13 18:06:55,841 Case: /home/ubuntu/ziyang/preprocessed_data/LabelMaps_1.00-1.00-1.00/014/case.nrrd
2017-03-13 18:07:10,231 Iter 2, Minibatch Loss= 0.0759, Training Accuracy= 0.9640, Minibatch Error= 3.6, LogitsMatrix= [ 0.86139452  0.34979469], Predictions= [ 0.62518144  0.37481856]
2017-03-13 18:07:10,231 Case: /home/ubuntu/ziyang/preprocessed_data/LabelMaps_1.00-1.00-1.00/016/case.nrrd
2017-03-13 18:07:24,837 Iter 3, Minibatch Loss= 0.2394, Training Accuracy= 0.9606, Minibatch Error= 3.9, LogitsMatrix= [ 0.46128076  0.01359246], Predictions= [ 0.61008948  0.38991052]
2017-03-13 18:07:24,837 Case: /home/ubuntu/ziyang/preprocessed_data/LabelMaps_1.00-1.00-1.00/021/case.nrrd
2017-03-13 18:07:39,241 Iter 4, Minibatch Loss= 0.3438, Training Accuracy= 0.9749, Minibatch Error= 2.5, LogitsMatrix= [ 0.37548751  0.05931914], Predictions= [ 0.57839018  0.42160985]
2017-03-13 18:07:39,241 Case: /home/ubuntu/ziyang/preprocessed_data/LabelMaps_1.00-1.00-1.00/022/case.nrrd
2017-03-13 18:07:54,477 Iter 5, Minibatch Loss= 0.1569, Training Accuracy= 0.9715, Minibatch Error= 2.9, LogitsMatrix= [ 0.54890501 -0.02967888], Predictions= [ 0.64074147  0.35925847]
2017-03-13 18:07:54,478 Case: /home/ubuntu/ziyang/preprocessed_data/LabelMaps_1.00-1.00-1.00/023/case.nrrd
2017-03-13 18:08:09,813 Iter 6, Minibatch Loss= 0.0796, Training Accuracy= 0.9970, Minibatch Error= 0.3, LogitsMatrix= [ 1.5106957   0.01970091], Predictions= [ 0.81622756  0.18377246]
2017-03-13 18:08:09,813 Case: /home/ubuntu/ziyang/preprocessed_data/LabelMaps_1.00-1.00-1.00/024/case.nrrd
2017-03-13 18:08:24,618 Iter 7, Minibatch Loss= 0.0631, Training Accuracy= 0.9981, Minibatch Error= 0.2, LogitsMatrix= [ 1.38766277 -0.19146651], Predictions= [ 0.82908112  0.17091884]
2017-03-13 18:08:24,618 Case: /home/ubuntu/ziyang/preprocessed_data/LabelMaps_1.00-1.00-1.00/025/case.nrrd
2017-03-13 18:08:39,804 Iter 8, Minibatch Loss= 0.0334, Training Accuracy= 0.9992, Minibatch Error= 0.1, LogitsMatrix= [ 1.1761179 -0.2242139], Predictions= [ 0.80223656  0.19776347]
2017-03-13 18:08:39,804 Case: /home/ubuntu/ziyang/preprocessed_data/LabelMaps_1.00-1.00-1.00/026/case.nrrd
2017-03-13 18:08:55,381 Iter 9, Minibatch Loss= 0.0380, Training Accuracy= 0.9989, Minibatch Error= 0.1, LogitsMatrix= [ 0.82598203 -0.18707561], Predictions= [ 0.73361814  0.26638189]
2017-03-13 18:08:55,382 Case: /home/ubuntu/ziyang/preprocessed_data/LabelMaps_1.00-1.00-1.00/027/case.nrrd
2017-03-13 18:09:10,137 Iter 10, Minibatch Loss= 0.0480, Training Accuracy= 0.9826, Minibatch Error= 1.7, LogitsMatrix= [ 1.24580884  0.2551136 ], Predictions= [ 0.72922522  0.27077475]
2017-03-13 18:09:10,137 Case: /home/ubuntu/ziyang/preprocessed_data/LabelMaps_1.00-1.00-1.00/029/case.nrrd
2017-03-13 18:09:25,217 Iter 11, Minibatch Loss= 0.3165, Training Accuracy= 0.9373, Minibatch Error= 6.3, LogitsMatrix= [ 0.45697337  0.35821983], Predictions= [ 0.52466834  0.47533163]
2017-03-13 18:09:25,217 Case: /home/ubuntu/ziyang/preprocessed_data/LabelMaps_1.00-1.00-1.00/030/case.nrrd
2017-03-13 18:09:41,338 Iter 12, Minibatch Loss= 0.8542, Training Accuracy= 0.7065, Minibatch Error= 29.4, LogitsMatrix= [ 0.08270582  0.35739973], Predictions= [ 0.4317551   0.56824487]
2017-03-13 18:09:41,338 Case: /home/ubuntu/ziyang/preprocessed_data/LabelMaps_1.00-1.00-1.00/031/case.nrrd
2017-03-13 18:09:57,170 Iter 13, Minibatch Loss= 1.3043, Training Accuracy= 0.5953, Minibatch Error= 40.5, LogitsMatrix= [-0.15839189  0.12607631], Predictions= [ 0.42935866  0.57064134]
2017-03-13 18:09:57,170 Case: /home/ubuntu/ziyang/preprocessed_data/LabelMaps_1.00-1.00-1.00/033/case.nrrd
2017-03-13 18:10:12,518 Iter 14, Minibatch Loss= 1.2225, Training Accuracy= 0.6510, Minibatch Error= 34.9, LogitsMatrix= [-0.11887974  0.23364168], Predictions= [ 0.41277111  0.58722889]
2017-03-13 18:10:12,519 Case: /home/ubuntu/ziyang/preprocessed_data/LabelMaps_1.00-1.00-1.00/034/case.nrrd
2017-03-13 18:10:26,958 Iter 15, Minibatch Loss= 0.4885, Training Accuracy= 0.5494, Minibatch Error= 45.1, LogitsMatrix= [ 0.27573058  0.04473924], Predictions= [ 0.55749243  0.44250757]
2017-03-13 18:10:26,958 Case: /home/ubuntu/ziyang/preprocessed_data/LabelMaps_1.00-1.00-1.00/035/case.nrrd
2017-03-13 18:10:42,197 Iter 16, Minibatch Loss= 0.0972, Training Accuracy= 0.8620, Minibatch Error= 13.8, LogitsMatrix= [ 0.71070266  0.26323941], Predictions= [ 0.61003596  0.3899641 ]
2017-03-13 18:10:42,197 Case: /home/ubuntu/ziyang/preprocessed_data/LabelMaps_1.00-1.00-1.00/037/case.nrrd
2017-03-13 18:10:57,310 Iter 17, Minibatch Loss= 0.1535, Training Accuracy= 0.8687, Minibatch Error= 13.1, LogitsMatrix= [ 0.66708297  0.36206174], Predictions= [ 0.57566953  0.42433047]
2017-03-13 18:10:57,310 Case: /home/ubuntu/ziyang/preprocessed_data/LabelMaps_1.00-1.00-1.00/038/case.nrrd
2017-03-13 18:11:12,444 Iter 18, Minibatch Loss= 0.6227, Training Accuracy= 0.8678, Minibatch Error= 13.2, LogitsMatrix= [ 0.20436569  0.20376927], Predictions= [ 0.50014913  0.49985093]
2017-03-13 18:11:12,444 Case: /home/ubuntu/ziyang/preprocessed_data/LabelMaps_1.00-1.00-1.00/039/case.nrrd
2017-03-13 18:11:27,621 Iter 19, Minibatch Loss= 0.2435, Training Accuracy= 0.8618, Minibatch Error= 13.8, LogitsMatrix= [ 0.46286827  0.09753818], Predictions= [ 0.59033012  0.40966991]
2017-03-13 18:11:27,621 Case: /home/ubuntu/ziyang/preprocessed_data/LabelMaps_1.00-1.00-1.00/040/case.nrrd
2017-03-13 18:11:42,722 Iter 20, Minibatch Loss= 0.0721, Training Accuracy= 0.8702, Minibatch Error= 13.0, LogitsMatrix= [ 0.67844248 -0.04423869], Predictions= [ 0.67319715  0.32680282]
2017-03-13 18:11:42,722 Case: /home/ubuntu/ziyang/preprocessed_data/LabelMaps_1.00-1.00-1.00/041/case.nrrd
2017-03-13 18:11:57,956 Iter 21, Minibatch Loss= 0.6062, Training Accuracy= 0.7240, Minibatch Error= 27.6, LogitsMatrix= [ 0.20548131 -0.03846753], Predictions= [ 0.56068659  0.43931347]
2017-03-13 18:11:57,956 Case: /home/ubuntu/ziyang/preprocessed_data/LabelMaps_1.00-1.00-1.00/042/case.nrrd
2017-03-13 18:12:12,366 Iter 22, Minibatch Loss= 0.2796, Training Accuracy= 0.8959, Minibatch Error= 10.4, LogitsMatrix= [ 0.43755105  0.15284511], Predictions= [ 0.57069957  0.42930043]
2017-03-13 18:12:12,366 Case: /home/ubuntu/ziyang/preprocessed_data/LabelMaps_1.00-1.00-1.00/044/case.nrrd
2017-03-13 18:12:27,084 Iter 23, Minibatch Loss= 0.2380, Training Accuracy= 0.9131, Minibatch Error= 8.7, LogitsMatrix= [ 0.49573639  0.23535931], Predictions= [ 0.56472903  0.43527102]
2017-03-13 18:12:27,084 Case: /home/ubuntu/ziyang/preprocessed_data/LabelMaps_1.00-1.00-1.00/045/case.nrrd
2017-03-13 18:12:42,456 Iter 24, Minibatch Loss= 0.4965, Training Accuracy= 0.9207, Minibatch Error= 7.9, LogitsMatrix= [ 0.27101094  0.05624168], Predictions= [ 0.55348688  0.44651312]
2017-03-13 18:12:42,457 Case: /home/ubuntu/ziyang/preprocessed_data/LabelMaps_1.00-1.00-1.00/048/case.nrrd
2017-03-13 18:12:58,100 Iter 25, Minibatch Loss= 0.4157, Training Accuracy= 0.9863, Minibatch Error= 1.4, LogitsMatrix= [ 2.86693621 -0.7701968 ], Predictions= [ 0.97434765  0.02565235]
2017-03-13 18:12:58,100 Case: /home/ubuntu/ziyang/preprocessed_data/LabelMaps_1.00-1.00-1.00/049/case.nrrd
2017-03-13 18:13:13,234 Iter 26, Minibatch Loss= 0.5085, Training Accuracy= 0.9902, Minibatch Error= 1.0, LogitsMatrix= [ 3.58545208 -0.85637456], Predictions= [ 0.98836261  0.01163739]
2017-03-13 18:13:13,235 Case: /home/ubuntu/ziyang/preprocessed_data/LabelMaps_1.00-1.00-1.00/050/case.nrrd
2017-03-13 18:13:28,339 Iter 27, Minibatch Loss= 0.3143, Training Accuracy= 0.9952, Minibatch Error= 0.5, LogitsMatrix= [ 2.21420407 -0.74530995], Predictions= [ 0.95071119  0.04928876]
2017-03-13 18:13:28,339 Case: /home/ubuntu/ziyang/preprocessed_data/LabelMaps_1.00-1.00-1.00/053/case.nrrd
2017-03-13 18:13:43,186 Iter 28, Minibatch Loss= 0.2263, Training Accuracy= 0.9872, Minibatch Error= 1.3, LogitsMatrix= [ 1.76524329 -0.66867369], Predictions= [ 0.91937739  0.08062265]
2017-03-13 18:13:43,186 Case: /home/ubuntu/ziyang/preprocessed_data/LabelMaps_1.00-1.00-1.00/056/case.nrrd
2017-03-13 18:13:58,337 Iter 29, Minibatch Loss= 0.2049, Training Accuracy= 0.9859, Minibatch Error= 1.4, LogitsMatrix= [ 1.64832783 -0.65512753], Predictions= [ 0.90916282  0.0908372 ]
2017-03-13 18:13:58,338 Case: /home/ubuntu/ziyang/preprocessed_data/LabelMaps_1.00-1.00-1.00/058/case.nrrd
2017-03-13 18:14:13,446 Iter 30, Minibatch Loss= 0.6109, Training Accuracy= 0.9984, Minibatch Error= 0.2, LogitsMatrix= [ 4.92070341 -0.28656662], Predictions= [ 0.99455321  0.00544677]
2017-03-13 18:14:13,446 Case: /home/ubuntu/ziyang/preprocessed_data/LabelMaps_1.00-1.00-1.00/059/case.nrrd
2017-03-13 18:14:28,973 Iter 31, Minibatch Loss= 0.6066, Training Accuracy= 0.9667, Minibatch Error= 3.3, LogitsMatrix= [ 4.86052656 -0.28975755], Predictions= [ 0.99423569  0.00576434]
2017-03-13 18:14:28,973 Case: /home/ubuntu/ziyang/preprocessed_data/LabelMaps_1.00-1.00-1.00/060/case.nrrd
2017-03-13 18:14:44,306 Iter 32, Minibatch Loss= 0.6005, Training Accuracy= 0.9636, Minibatch Error= 3.6, LogitsMatrix= [ 4.77520275 -0.31945115], Predictions= [ 0.99390793  0.00609209]
2017-03-13 18:14:44,306 Case: /home/ubuntu/ziyang/preprocessed_data/LabelMaps_1.00-1.00-1.00/063/case.nrrd
2017-03-13 18:14:59,707 Iter 33, Minibatch Loss= 0.5722, Training Accuracy= 0.9465, Minibatch Error= 5.3, LogitsMatrix= [ 4.43157148 -0.27706015], Predictions= [ 0.99106348  0.00893653]
2017-03-13 18:14:59,707 Case: /home/ubuntu/ziyang/preprocessed_data/LabelMaps_1.00-1.00-1.00/064/case.nrrd
2017-03-13 18:15:14,744 Iter 34, Minibatch Loss= 0.5507, Training Accuracy= 0.9475, Minibatch Error= 5.3, LogitsMatrix= [ 4.19844484 -0.25178581], Predictions= [ 0.98845893  0.01154112]
2017-03-13 18:15:14,745 Case: /home/ubuntu/ziyang/preprocessed_data/LabelMaps_1.00-1.00-1.00/069/case.nrrd
2017-03-13 18:15:30,117 Iter 35, Minibatch Loss= 0.5421, Training Accuracy= 0.9532, Minibatch Error= 4.7, LogitsMatrix= [ 4.10184813 -0.30114979], Predictions= [ 0.98790747  0.01209257]
2017-03-13 18:15:30,117 Case: /home/ubuntu/ziyang/preprocessed_data/LabelMaps_1.00-1.00-1.00/007/case.nrrd
2017-03-13 18:15:44,879 Iter 36, Minibatch Loss= 0.5762, Training Accuracy= 0.9516, Minibatch Error= 4.8, LogitsMatrix= [ 4.45640326 -0.41504443], Predictions= [ 0.992396  0.007604]
2017-03-13 18:15:44,880 Epoch 0, Average loss: 0.7975, Learning rate: 0.0200
2017-03-13 18:15:45,911 Validation Error= 6.6, Validation Loss= 0.4902
2017-03-13 18:15:47,998 Case: /home/ubuntu/ziyang/preprocessed_data/LabelMaps_1.00-1.00-1.00/008/case.nrrd
2017-03-13 18:16:02,628 Iter 37, Minibatch Loss= 0.5221, Training Accuracy= 0.9299, Minibatch Error= 7.0, LogitsMatrix= [ 3.90133882 -0.32833511], Predictions= [ 0.98565173  0.01434827]
2017-03-13 18:16:02,628 Case: /home/ubuntu/ziyang/preprocessed_data/LabelMaps_1.00-1.00-1.00/012/case.nrrd
2017-03-13 18:16:17,008 Iter 38, Minibatch Loss= 0.4503, Training Accuracy= 0.9445, Minibatch Error= 5.5, LogitsMatrix= [ 3.32174706 -0.22781599], Predictions= [ 0.97206557  0.02793444]
2017-03-13 18:16:17,008 Case: /home/ubuntu/ziyang/preprocessed_data/LabelMaps_1.00-1.00-1.00/014/case.nrrd
2017-03-13 18:16:31,215 Iter 39, Minibatch Loss= 0.3869, Training Accuracy= 0.9053, Minibatch Error= 9.5, LogitsMatrix= [ 2.91308665 -0.13001406], Predictions= [ 0.95448369  0.04551626]
2017-03-13 18:16:31,216 Case: /home/ubuntu/ziyang/preprocessed_data/LabelMaps_1.00-1.00-1.00/016/case.nrrd
2017-03-13 18:16:45,651 Iter 40, Minibatch Loss= 0.4374, Training Accuracy= 0.9176, Minibatch Error= 8.2, LogitsMatrix= [ 3.22329664 -0.26447058], Predictions= [ 0.97033769  0.0296623 ]
2017-03-13 18:16:45,651 Case: /home/ubuntu/ziyang/preprocessed_data/LabelMaps_1.00-1.00-1.00/021/case.nrrd
2017-03-13 18:16:59,850 Iter 41, Minibatch Loss= 0.4378, Training Accuracy= 0.9100, Minibatch Error= 9.0, LogitsMatrix= [ 3.22165346 -0.28699404], Predictions= [ 0.97093278  0.02906718]
2017-03-13 18:16:59,850 Case: /home/ubuntu/ziyang/preprocessed_data/LabelMaps_1.00-1.00-1.00/022/case.nrrd
2017-03-13 18:17:14,718 Iter 42, Minibatch Loss= 0.3342, Training Accuracy= 0.9547, Minibatch Error= 4.5, LogitsMatrix= [ 2.60973215 -0.16987437], Predictions= [ 0.94156373  0.05843619]
2017-03-13 18:17:14,718 Case: /home/ubuntu/ziyang/preprocessed_data/LabelMaps_1.00-1.00-1.00/023/case.nrrd
2017-03-13 18:17:30,120 Iter 43, Minibatch Loss= 0.2770, Training Accuracy= 0.9370, Minibatch Error= 6.3, LogitsMatrix= [ 2.3361268  -0.06629312], Predictions= [ 0.91701168  0.08298834]
2017-03-13 18:17:30,121 Case: /home/ubuntu/ziyang/preprocessed_data/LabelMaps_1.00-1.00-1.00/024/case.nrrd
2017-03-13 18:17:44,421 Iter 44, Minibatch Loss= 0.3331, Training Accuracy= 0.9076, Minibatch Error= 9.2, LogitsMatrix= [ 2.60271144 -0.17735749], Predictions= [ 0.94158924  0.05841076]
2017-03-13 18:17:44,422 Case: /home/ubuntu/ziyang/preprocessed_data/LabelMaps_1.00-1.00-1.00/025/case.nrrd
2017-03-13 18:17:59,450 Iter 45, Minibatch Loss= 0.1450, Training Accuracy= 0.9249, Minibatch Error= 7.5, LogitsMatrix= [ 1.77629149 -0.00851101], Predictions= [ 0.85628885  0.14371113]
2017-03-13 18:17:59,451 Case: /home/ubuntu/ziyang/preprocessed_data/LabelMaps_1.00-1.00-1.00/026/case.nrrd
2017-03-13 18:18:14,738 Iter 46, Minibatch Loss= 0.0891, Training Accuracy= 0.8403, Minibatch Error= 16.0, LogitsMatrix= [ 1.53112233  0.13242355], Predictions= [ 0.80197728  0.19802265]
2017-03-13 18:18:14,738 Case: /home/ubuntu/ziyang/preprocessed_data/LabelMaps_1.00-1.00-1.00/027/case.nrrd
2017-03-13 18:18:29,269 Iter 47, Minibatch Loss= 0.1255, Training Accuracy= 0.7596, Minibatch Error= 24.0, LogitsMatrix= [ 1.69811916  0.00247253], Predictions= [ 0.84496534  0.15503471]
2017-03-13 18:18:29,269 Case: /home/ubuntu/ziyang/preprocessed_data/LabelMaps_1.00-1.00-1.00/029/case.nrrd
2017-03-13 18:18:44,137 Iter 48, Minibatch Loss= 0.0486, Training Accuracy= 0.7184, Minibatch Error= 28.2, LogitsMatrix= [ 1.13366485  0.31278577], Predictions= [ 0.6944229   0.30557707]
2017-03-13 18:18:44,138 Case: /home/ubuntu/ziyang/preprocessed_data/LabelMaps_1.00-1.00-1.00/030/case.nrrd
2017-03-13 18:18:59,220 Iter 49, Minibatch Loss= 0.3474, Training Accuracy= 0.9934, Minibatch Error= 0.7, LogitsMatrix= [ 2.66829085 -0.24083132], Predictions= [ 0.94829553  0.05170446]
2017-03-13 18:18:59,221 Case: /home/ubuntu/ziyang/preprocessed_data/LabelMaps_1.00-1.00-1.00/031/case.nrrd
2017-03-13 18:19:14,507 Iter 50, Minibatch Loss= 0.2323, Training Accuracy= 0.9152, Minibatch Error= 8.5, LogitsMatrix= [ 2.11758995 -0.17949444], Predictions= [ 0.90863526  0.09136472]
2017-03-13 18:19:14,507 Case: /home/ubuntu/ziyang/preprocessed_data/LabelMaps_1.00-1.00-1.00/033/case.nrrd
2017-03-13 18:19:29,930 Iter 51, Minibatch Loss= 0.6189, Training Accuracy= 1.0000, Minibatch Error= 0.0, LogitsMatrix= [ 5.04072523 -0.20992911], Predictions= [ 0.99478322  0.00521673]
2017-03-13 18:19:29,930 Case: /home/ubuntu/ziyang/preprocessed_data/LabelMaps_1.00-1.00-1.00/034/case.nrrd
2017-03-13 18:19:44,461 Iter 52, Minibatch Loss= 0.7062, Training Accuracy= 0.9990, Minibatch Error= 0.1, LogitsMatrix= [ 6.64480639 -0.27299577], Predictions= [  9.99010921e-01   9.89024062e-04]
2017-03-13 18:19:44,461 Case: /home/ubuntu/ziyang/preprocessed_data/LabelMaps_1.00-1.00-1.00/035/case.nrrd
2017-03-13 18:19:59,572 Iter 53, Minibatch Loss= 0.6598, Training Accuracy= 0.9995, Minibatch Error= 0.1, LogitsMatrix= [ 5.70020008 -0.15131515], Predictions= [ 0.99713266  0.00286729]
2017-03-13 18:19:59,573 Case: /home/ubuntu/ziyang/preprocessed_data/LabelMaps_1.00-1.00-1.00/037/case.nrrd
2017-03-13 18:20:14,575 Iter 54, Minibatch Loss= 0.6415, Training Accuracy= 0.9995, Minibatch Error= 0.0, LogitsMatrix= [ 5.39053392 -0.10394406], Predictions= [ 0.99590743  0.00409258]
2017-03-13 18:20:14,575 Case: /home/ubuntu/ziyang/preprocessed_data/LabelMaps_1.00-1.00-1.00/038/case.nrrd
2017-03-13 18:20:29,208 Iter 55, Minibatch Loss= 0.5838, Training Accuracy= 1.0000, Minibatch Error= 0.0, LogitsMatrix= [ 4.58710289 -0.01728112], Predictions= [ 0.99009132  0.0099087 ]
2017-03-13 18:20:29,208 Case: /home/ubuntu/ziyang/preprocessed_data/LabelMaps_1.00-1.00-1.00/039/case.nrrd
2017-03-13 18:20:44,247 Iter 56, Minibatch Loss= 0.5591, Training Accuracy= 0.9990, Minibatch Error= 0.1, LogitsMatrix= [ 4.29931498 -0.13691002], Predictions= [ 0.988298    0.01170199]
2017-03-13 18:20:44,247 Case: /home/ubuntu/ziyang/preprocessed_data/LabelMaps_1.00-1.00-1.00/040/case.nrrd
2017-03-13 18:20:59,232 Iter 57, Minibatch Loss= 0.5437, Training Accuracy= 0.9954, Minibatch Error= 0.5, LogitsMatrix= [ 4.1366539  -0.13537437], Predictions= [ 0.9862386   0.01376143]
2017-03-13 18:20:59,232 Case: /home/ubuntu/ziyang/preprocessed_data/LabelMaps_1.00-1.00-1.00/041/case.nrrd
2017-03-13 18:21:14,350 Iter 58, Minibatch Loss= 0.4924, Training Accuracy= 0.9952, Minibatch Error= 0.5, LogitsMatrix= [ 3.6672895  -0.01102304], Predictions= [ 0.97535706  0.02464296]
2017-03-13 18:21:14,350 Case: /home/ubuntu/ziyang/preprocessed_data/LabelMaps_1.00-1.00-1.00/042/case.nrrd
2017-03-13 18:21:29,073 Iter 59, Minibatch Loss= 0.4073, Training Accuracy= 0.9927, Minibatch Error= 0.7, LogitsMatrix= [ 3.04080129  0.11788409], Predictions= [ 0.9489677   0.05103224]
2017-03-13 18:21:29,073 Case: /home/ubuntu/ziyang/preprocessed_data/LabelMaps_1.00-1.00-1.00/044/case.nrrd
2017-03-13 18:21:43,916 Iter 60, Minibatch Loss= 0.3192, Training Accuracy= 0.9417, Minibatch Error= 5.8, LogitsMatrix= [ 2.52650762  0.19745983], Predictions= [ 0.91125429  0.08874564]
2017-03-13 18:21:43,916 Case: /home/ubuntu/ziyang/preprocessed_data/LabelMaps_1.00-1.00-1.00/045/case.nrrd
2017-03-13 18:21:58,991 Iter 61, Minibatch Loss= 0.2132, Training Accuracy= 0.9280, Minibatch Error= 7.2, LogitsMatrix= [ 2.01090169  0.26080507], Predictions= [ 0.85196495  0.148035  ]
2017-03-13 18:21:58,992 Case: /home/ubuntu/ziyang/preprocessed_data/LabelMaps_1.00-1.00-1.00/048/case.nrrd
2017-03-13 18:22:14,282 Iter 62, Minibatch Loss= 0.1089, Training Accuracy= 0.9430, Minibatch Error= 5.7, LogitsMatrix= [ 1.57660115  0.23005335], Predictions= [ 0.79356468  0.20643534]
2017-03-13 18:22:14,282 Case: /home/ubuntu/ziyang/preprocessed_data/LabelMaps_1.00-1.00-1.00/049/case.nrrd
2017-03-13 18:22:29,434 Iter 63, Minibatch Loss= 0.0836, Training Accuracy= 0.8040, Minibatch Error= 19.6, LogitsMatrix= [ 0.70853931  0.21052769], Predictions= [ 0.62199193  0.37800807]
2017-03-13 18:22:29,434 Case: /home/ubuntu/ziyang/preprocessed_data/LabelMaps_1.00-1.00-1.00/050/case.nrrd
2017-03-13 18:22:44,396 Iter 64, Minibatch Loss= 0.0527, Training Accuracy= 0.8563, Minibatch Error= 14.4, LogitsMatrix= [ 1.08824766  0.33654162], Predictions= [ 0.67955029  0.32044968]
2017-03-13 18:22:44,396 Case: /home/ubuntu/ziyang/preprocessed_data/LabelMaps_1.00-1.00-1.00/053/case.nrrd
2017-03-13 18:22:59,566 Iter 65, Minibatch Loss= 0.5064, Training Accuracy= 0.9814, Minibatch Error= 1.9, LogitsMatrix= [ 3.38889933  1.11606729], Predictions= [ 0.90660179  0.09339813]
2017-03-13 18:22:59,566 Case: /home/ubuntu/ziyang/preprocessed_data/LabelMaps_1.00-1.00-1.00/056/case.nrrd
2017-03-13 18:23:14,599 Iter 66, Minibatch Loss= 0.5755, Training Accuracy= 0.9957, Minibatch Error= 0.4, LogitsMatrix= [ 4.02417183  1.3286556 ], Predictions= [ 0.93676156  0.06323846]
2017-03-13 18:23:14,600 Case: /home/ubuntu/ziyang/preprocessed_data/LabelMaps_1.00-1.00-1.00/058/case.nrrd
2017-03-13 18:23:30,101 Iter 67, Minibatch Loss= 0.5624, Training Accuracy= 0.9934, Minibatch Error= 0.7, LogitsMatrix= [ 3.87897658  1.29728329], Predictions= [ 0.92967403  0.07032595]
2017-03-13 18:23:30,101 Case: /home/ubuntu/ziyang/preprocessed_data/LabelMaps_1.00-1.00-1.00/059/case.nrrd
2017-03-13 18:23:45,399 Iter 68, Minibatch Loss= 0.5233, Training Accuracy= 0.9858, Minibatch Error= 1.4, LogitsMatrix= [ 3.44054055  1.26387811], Predictions= [ 0.89813417  0.10186587]
2017-03-13 18:23:45,400 Case: /home/ubuntu/ziyang/preprocessed_data/LabelMaps_1.00-1.00-1.00/060/case.nrrd
2017-03-13 18:24:00,660 Iter 69, Minibatch Loss= 0.4640, Training Accuracy= 0.9667, Minibatch Error= 3.3, LogitsMatrix= [ 2.85401511  1.22643566], Predictions= [ 0.83583772  0.1641622 ]
2017-03-13 18:24:00,660 Case: /home/ubuntu/ziyang/preprocessed_data/LabelMaps_1.00-1.00-1.00/063/case.nrrd
2017-03-13 18:24:16,009 Iter 70, Minibatch Loss= 0.3959, Training Accuracy= 0.9701, Minibatch Error= 3.0, LogitsMatrix= [ 2.44614029  1.05605102], Predictions= [ 0.80060649  0.19939351]
2017-03-13 18:24:16,009 Case: /home/ubuntu/ziyang/preprocessed_data/LabelMaps_1.00-1.00-1.00/064/case.nrrd
2017-03-13 18:24:31,007 Iter 71, Minibatch Loss= 0.2101, Training Accuracy= 0.9648, Minibatch Error= 3.5, LogitsMatrix= [ 1.66265059  0.66719306], Predictions= [ 0.73016459  0.26983547]
2017-03-13 18:24:31,007 Case: /home/ubuntu/ziyang/preprocessed_data/LabelMaps_1.00-1.00-1.00/069/case.nrrd
2017-03-13 18:24:46,072 Iter 72, Minibatch Loss= 0.1216, Training Accuracy= 0.9092, Minibatch Error= 9.1, LogitsMatrix= [ 1.10710919  0.54311329], Predictions= [ 0.63737661  0.36262336]
2017-03-13 18:24:46,073 Case: /home/ubuntu/ziyang/preprocessed_data/LabelMaps_1.00-1.00-1.00/007/case.nrrd
2017-03-13 18:25:00,814 Iter 73, Minibatch Loss= 0.2967, Training Accuracy= 0.8215, Minibatch Error= 17.9, LogitsMatrix= [ 0.72771883  0.73482496], Predictions= [ 0.49822351  0.50177658]
2017-03-13 18:25:00,814 Epoch 1, Average loss: 0.7199, Learning rate: 0.0190
2017-03-13 18:25:01,837 Validation Error= 17.0, Validation Loss= 0.2231
2017-03-13 18:25:04,355 Case: /home/ubuntu/ziyang/preprocessed_data/LabelMaps_1.00-1.00-1.00/008/case.nrrd
2017-03-13 18:25:18,792 Iter 74, Minibatch Loss= 0.4162, Training Accuracy= 0.7936, Minibatch Error= 20.6, LogitsMatrix= [ 0.49413687  0.66987062], Predictions= [ 0.45617929  0.54382074]
2017-03-13 18:25:18,792 Case: /home/ubuntu/ziyang/preprocessed_data/LabelMaps_1.00-1.00-1.00/012/case.nrrd
2017-03-13 18:25:33,269 Iter 75, Minibatch Loss= 0.3018, Training Accuracy= 0.8019, Minibatch Error= 19.8, LogitsMatrix= [ 0.58574665  0.57869327], Predictions= [ 0.50176334  0.49823666]
2017-03-13 18:25:33,269 Case: /home/ubuntu/ziyang/preprocessed_data/LabelMaps_1.00-1.00-1.00/014/case.nrrd
2017-03-13 18:25:47,505 Iter 76, Minibatch Loss= 0.5166, Training Accuracy= 0.6794, Minibatch Error= 32.1, LogitsMatrix= [ 0.3177157   0.46225643], Predictions= [ 0.4639276   0.53607243]
2017-03-13 18:25:47,505 Case: /home/ubuntu/ziyang/preprocessed_data/LabelMaps_1.00-1.00-1.00/016/case.nrrd
2017-03-13 18:26:02,330 Iter 77, Minibatch Loss= 0.3329, Training Accuracy= 0.6716, Minibatch Error= 32.8, LogitsMatrix= [ 0.50252789  0.50409985], Predictions= [ 0.49960697  0.50039297]
2017-03-13 18:26:02,330 Case: /home/ubuntu/ziyang/preprocessed_data/LabelMaps_1.00-1.00-1.00/021/case.nrrd
2017-03-13 18:26:16,931 Iter 78, Minibatch Loss= 0.1485, Training Accuracy= 0.7783, Minibatch Error= 22.2, LogitsMatrix= [ 0.67400897  0.35894832], Predictions= [ 0.57812005  0.42187995]
2017-03-13 18:26:16,932 Case: /home/ubuntu/ziyang/preprocessed_data/LabelMaps_1.00-1.00-1.00/022/case.nrrd
2017-03-13 18:26:31,733 Iter 79, Minibatch Loss= 0.3600, Training Accuracy= 0.8984, Minibatch Error= 10.2, LogitsMatrix= [ 2.63841486  0.53313714], Predictions= [ 0.89141506  0.1085849 ]
2017-03-13 18:26:31,733 Case: /home/ubuntu/ziyang/preprocessed_data/LabelMaps_1.00-1.00-1.00/023/case.nrrd
2017-03-13 18:26:46,701 Iter 80, Minibatch Loss= 0.5218, Training Accuracy= 0.8979, Minibatch Error= 10.2, LogitsMatrix= [ 3.88759136  0.38037354], Predictions= [ 0.97089249  0.02910756]
2017-03-13 18:26:46,702 Case: /home/ubuntu/ziyang/preprocessed_data/LabelMaps_1.00-1.00-1.00/024/case.nrrd
2017-03-13 18:27:01,042 Iter 81, Minibatch Loss= 0.5670, Training Accuracy= 0.9058, Minibatch Error= 9.4, LogitsMatrix= [ 4.22459698  0.81571329], Predictions= [ 0.96798104  0.03201898]
2017-03-13 18:27:01,042 Case: /home/ubuntu/ziyang/preprocessed_data/LabelMaps_1.00-1.00-1.00/025/case.nrrd
2017-03-13 18:27:16,263 Iter 82, Minibatch Loss= 0.5598, Training Accuracy= 0.9129, Minibatch Error= 8.7, LogitsMatrix= [ 4.11289978  0.87673098], Predictions= [ 0.96217287  0.03782708]
2017-03-13 18:27:16,263 Case: /home/ubuntu/ziyang/preprocessed_data/LabelMaps_1.00-1.00-1.00/026/case.nrrd
2017-03-13 18:27:31,568 Iter 83, Minibatch Loss= 0.4726, Training Accuracy= 0.9926, Minibatch Error= 0.7, LogitsMatrix= [ 3.09117055  1.08024693], Predictions= [ 0.88193923  0.11806077]
2017-03-13 18:27:31,568 Case: /home/ubuntu/ziyang/preprocessed_data/LabelMaps_1.00-1.00-1.00/027/case.nrrd
2017-03-13 18:27:46,380 Iter 84, Minibatch Loss= 0.3755, Training Accuracy= 0.9689, Minibatch Error= 3.1, LogitsMatrix= [ 2.43981314  0.92805934], Predictions= [ 0.81932098  0.18067902]
2017-03-13 18:27:46,380 Case: /home/ubuntu/ziyang/preprocessed_data/LabelMaps_1.00-1.00-1.00/029/case.nrrd
2017-03-13 18:28:01,325 Iter 85, Minibatch Loss= 0.4263, Training Accuracy= 0.8831, Minibatch Error= 11.7, LogitsMatrix= [ 2.77646756  0.9851346 ], Predictions= [ 0.85709059  0.14290936]
2017-03-13 18:28:01,325 Case: /home/ubuntu/ziyang/preprocessed_data/LabelMaps_1.00-1.00-1.00/030/case.nrrd
2017-03-13 18:28:16,396 Iter 86, Minibatch Loss= 0.3535, Training Accuracy= 0.8733, Minibatch Error= 12.7, LogitsMatrix= [ 2.2201674   0.96887594], Predictions= [ 0.7775234   0.22247665]
2017-03-13 18:28:16,396 Case: /home/ubuntu/ziyang/preprocessed_data/LabelMaps_1.00-1.00-1.00/031/case.nrrd
2017-03-13 18:28:31,640 Iter 87, Minibatch Loss= 0.2359, Training Accuracy= 0.8551, Minibatch Error= 14.5, LogitsMatrix= [ 1.49407291  0.82354653], Predictions= [ 0.66162097  0.338379  ]
2017-03-13 18:28:31,640 Case: /home/ubuntu/ziyang/preprocessed_data/LabelMaps_1.00-1.00-1.00/033/case.nrrd
2017-03-13 18:28:47,040 Iter 88, Minibatch Loss= 0.2011, Training Accuracy= 0.8269, Minibatch Error= 17.3, LogitsMatrix= [ 0.88137233  0.65540946], Predictions= [ 0.55625159  0.44374844]
2017-03-13 18:28:47,040 Case: /home/ubuntu/ziyang/preprocessed_data/LabelMaps_1.00-1.00-1.00/034/case.nrrd
2017-03-13 18:29:01,396 Iter 89, Minibatch Loss= 0.2184, Training Accuracy= 0.7490, Minibatch Error= 25.1, LogitsMatrix= [ 0.62755954  0.46043867], Predictions= [ 0.54168326  0.45831677]
2017-03-13 18:29:01,396 Case: /home/ubuntu/ziyang/preprocessed_data/LabelMaps_1.00-1.00-1.00/035/case.nrrd
2017-03-13 18:29:16,809 Iter 90, Minibatch Loss= 0.0587, Training Accuracy= 0.8943, Minibatch Error= 10.6, LogitsMatrix= [ 0.80573899  0.25044337], Predictions= [ 0.63536334  0.36463669]
2017-03-13 18:29:16,809 Case: /home/ubuntu/ziyang/preprocessed_data/LabelMaps_1.00-1.00-1.00/037/case.nrrd
2017-03-13 18:29:32,260 Iter 91, Minibatch Loss= 0.2302, Training Accuracy= 0.8446, Minibatch Error= 15.5, LogitsMatrix= [ 0.57659113  0.40699917], Predictions= [ 0.54229665  0.45770329]
2017-03-13 18:29:32,260 Case: /home/ubuntu/ziyang/preprocessed_data/LabelMaps_1.00-1.00-1.00/038/case.nrrd
2017-03-13 18:29:47,115 Iter 92, Minibatch Loss= 0.3170, Training Accuracy= 0.8027, Minibatch Error= 19.7, LogitsMatrix= [ 0.4673647   0.38740662], Predictions= [ 0.51997888  0.48002115]
2017-03-13 18:29:47,116 Case: /home/ubuntu/ziyang/preprocessed_data/LabelMaps_1.00-1.00-1.00/039/case.nrrd
2017-03-13 18:30:02,434 Iter 93, Minibatch Loss= 0.5753, Training Accuracy= 0.9839, Minibatch Error= 1.6, LogitsMatrix= [ 4.42294884 -0.51438618], Predictions= [ 0.99287742  0.0071226 ]
2017-03-13 18:30:02,434 Case: /home/ubuntu/ziyang/preprocessed_data/LabelMaps_1.00-1.00-1.00/040/case.nrrd
2017-03-13 18:30:17,464 Iter 94, Minibatch Loss= 0.6213, Training Accuracy= 0.9808, Minibatch Error= 1.9, LogitsMatrix= [ 5.02182388 -0.54805052], Predictions= [ 0.99620348  0.00379649]
2017-03-13 18:30:17,465 Case: /home/ubuntu/ziyang/preprocessed_data/LabelMaps_1.00-1.00-1.00/041/case.nrrd
2017-03-13 18:30:32,469 Iter 95, Minibatch Loss= 0.6499, Training Accuracy= 0.9835, Minibatch Error= 1.7, LogitsMatrix= [ 5.46627426 -0.58942592], Predictions= [ 0.99766099  0.00233898]
2017-03-13 18:30:32,469 Case: /home/ubuntu/ziyang/preprocessed_data/LabelMaps_1.00-1.00-1.00/042/case.nrrd
2017-03-13 18:30:46,844 Iter 96, Minibatch Loss= 0.4599, Training Accuracy= 0.9770, Minibatch Error= 2.3, LogitsMatrix= [ 3.37327909 -0.33653188], Predictions= [ 0.97610295  0.0238971 ]
2017-03-13 18:30:46,844 Case: /home/ubuntu/ziyang/preprocessed_data/LabelMaps_1.00-1.00-1.00/044/case.nrrd
2017-03-13 18:31:01,625 Iter 97, Minibatch Loss= 0.3897, Training Accuracy= 0.9588, Minibatch Error= 4.1, LogitsMatrix= [ 2.91526437 -0.23276085], Predictions= [ 0.95883089  0.04116916]
2017-03-13 18:31:01,625 Case: /home/ubuntu/ziyang/preprocessed_data/LabelMaps_1.00-1.00-1.00/045/case.nrrd
2017-03-13 18:31:16,653 Iter 98, Minibatch Loss= 0.2319, Training Accuracy= 0.8931, Minibatch Error= 10.7, LogitsMatrix= [ 2.13203835 -0.07530141], Predictions= [ 0.90090668  0.0990933 ]
2017-03-13 18:31:16,653 Case: /home/ubuntu/ziyang/preprocessed_data/LabelMaps_1.00-1.00-1.00/048/case.nrrd
2017-03-13 18:31:32,143 Iter 99, Minibatch Loss= 0.0059, Training Accuracy= 0.8466, Minibatch Error= 15.3, LogitsMatrix= [ 1.02408421  0.10761686], Predictions= [ 0.71432179  0.28567824]
2017-03-13 18:31:32,143 Case: /home/ubuntu/ziyang/preprocessed_data/LabelMaps_1.00-1.00-1.00/049/case.nrrd
2017-03-13 18:31:47,396 Iter 100, Minibatch Loss= 0.0665, Training Accuracy= 0.8569, Minibatch Error= 14.3, LogitsMatrix= [ 1.44296598 -0.09761482], Predictions= [ 0.82354915  0.17645086]
2017-03-13 18:31:47,396 Case: /home/ubuntu/ziyang/preprocessed_data/LabelMaps_1.00-1.00-1.00/050/case.nrrd
2017-03-13 18:32:02,582 Iter 101, Minibatch Loss= 0.6967, Training Accuracy= 0.9984, Minibatch Error= 0.2, LogitsMatrix= [ 6.35043526 -0.74230993], Predictions= [  9.99169588e-01   8.30422388e-04]
2017-03-13 18:32:02,582 Case: /home/ubuntu/ziyang/preprocessed_data/LabelMaps_1.00-1.00-1.00/053/case.nrrd
2017-03-13 18:32:17,628 Iter 102, Minibatch Loss= 0.6991, Training Accuracy= 0.9931, Minibatch Error= 0.7, LogitsMatrix= [ 6.40212011 -0.7516371 ], Predictions= [  9.99218702e-01   7.81309907e-04]
2017-03-13 18:32:17,629 Case: /home/ubuntu/ziyang/preprocessed_data/LabelMaps_1.00-1.00-1.00/056/case.nrrd
2017-03-13 18:32:32,579 Iter 103, Minibatch Loss= 0.6917, Training Accuracy= 0.9976, Minibatch Error= 0.2, LogitsMatrix= [ 6.23727369 -0.75087011], Predictions= [  9.99078035e-01   9.21906903e-04]
2017-03-13 18:32:32,579 Case: /home/ubuntu/ziyang/preprocessed_data/LabelMaps_1.00-1.00-1.00/058/case.nrrd
2017-03-13 18:32:47,479 Iter 104, Minibatch Loss= 0.6754, Training Accuracy= 0.9921, Minibatch Error= 0.8, LogitsMatrix= [ 5.90125513 -0.7313565 ], Predictions= [ 0.99868506  0.00131499]
2017-03-13 18:32:47,479 Case: /home/ubuntu/ziyang/preprocessed_data/LabelMaps_1.00-1.00-1.00/059/case.nrrd
2017-03-13 18:33:02,532 Iter 105, Minibatch Loss= 0.6520, Training Accuracy= 0.9894, Minibatch Error= 1.1, LogitsMatrix= [ 5.47312069 -0.70674765], Predictions= [ 0.99793363  0.00206642]
2017-03-13 18:33:02,532 Case: /home/ubuntu/ziyang/preprocessed_data/LabelMaps_1.00-1.00-1.00/060/case.nrrd
2017-03-13 18:33:17,345 Iter 106, Minibatch Loss= 0.5935, Training Accuracy= 0.9598, Minibatch Error= 4.0, LogitsMatrix= [ 4.61079884 -0.65141451], Predictions= [ 0.99484295  0.00515709]
2017-03-13 18:33:17,345 Case: /home/ubuntu/ziyang/preprocessed_data/LabelMaps_1.00-1.00-1.00/063/case.nrrd
2017-03-13 18:33:32,362 Iter 107, Minibatch Loss= 0.5473, Training Accuracy= 0.9526, Minibatch Error= 4.7, LogitsMatrix= [ 4.08495426 -0.59990275], Predictions= [ 0.99085039  0.00914957]
2017-03-13 18:33:32,363 Case: /home/ubuntu/ziyang/preprocessed_data/LabelMaps_1.00-1.00-1.00/064/case.nrrd
2017-03-13 18:33:47,240 Iter 108, Minibatch Loss= 0.5129, Training Accuracy= 0.8348, Minibatch Error= 16.5, LogitsMatrix= [ 3.84514832 -0.0373444 ], Predictions= [ 0.97981638  0.02018364]
2017-03-13 18:33:47,240 Case: /home/ubuntu/ziyang/preprocessed_data/LabelMaps_1.00-1.00-1.00/069/case.nrrd
2017-03-13 18:34:02,129 Iter 109, Minibatch Loss= 0.4875, Training Accuracy= 0.8536, Minibatch Error= 14.6, LogitsMatrix= [ 3.58101344 -0.38710427], Predictions= [ 0.98144192  0.01855808]
2017-03-13 18:34:02,129 Case: /home/ubuntu/ziyang/preprocessed_data/LabelMaps_1.00-1.00-1.00/007/case.nrrd
2017-03-13 18:34:16,922 Iter 110, Minibatch Loss= 0.5130, Training Accuracy= 0.8461, Minibatch Error= 15.4, LogitsMatrix= [ 3.78132606 -0.48113179], Predictions= [ 0.98610801  0.01389193]
2017-03-13 18:34:16,922 Epoch 2, Average loss: 0.6076, Learning rate: 0.0180
2017-03-13 18:34:17,955 Validation Error= 12.3, Validation Loss= 0.4846
2017-03-13 18:34:20,657 Optimization Finished!