2017-03-13 20:15:06,472 Layers: 3 FeaturesRoot: 16                 ConvolutionSize: 3*3*3, PoolingSize: 2*2*2
2017-03-13 20:15:06,537 Down Convoltion Layer: 0 Size: (?, ?, ?, ?, 16)
2017-03-13 20:15:06,595 Down Convoltion Layer: 1 Size: (?, ?, ?, ?, 32)
2017-03-13 20:15:06,654 Down Convoltion Layer: 2 Size: (?, ?, ?, ?, 64)
2017-03-13 20:15:06,845 Up Convoltion Layer: 1 Size: Tensor("going_up/layer_up_1/Shape_3:0", shape=(5,), dtype=int32)
2017-03-13 20:15:07,037 Up Convoltion Layer: 0 Size: Tensor("going_up/layer_up_0/Shape_3:0", shape=(5,), dtype=int32)
2017-03-13 20:15:07,066 (?, ?, ?, ?, 2)
2017-03-13 20:15:07,066 (?, ?, ?, ?, 2)
2017-03-13 20:15:07,066 **************************************************
2017-03-13 20:15:07,066 getting cost
2017-03-13 20:15:07,066 (?, ?, ?, ?, 2)
2017-03-13 20:15:07,066 (?, ?, ?, ?, 2)
2017-03-13 20:15:11,554 Removing '/home/ubuntu/ziyang/3d_unet/prediction'
2017-03-13 20:15:11,554 Removing '/home/ubuntu/ziyang/3d_unet/unet_trained'
2017-03-13 20:15:11,555 Allocating '/home/ubuntu/ziyang/3d_unet/prediction'
2017-03-13 20:15:11,555 Allocating '/home/ubuntu/ziyang/3d_unet/unet_trained'
2017-03-13 20:15:15,095 Case: /home/ubuntu/ziyang/preprocessed_data/LabelMaps_1.00-1.00-1.00/070/case.nrrd
2017-03-13 20:15:17,190 Validation Error= 86.6, Validation Loss= 0.9943
2017-03-13 20:15:19,965 Start optimization
2017-03-13 20:15:19,966 Case: /home/ubuntu/ziyang/preprocessed_data/LabelMaps_1.00-1.00-1.00/007/case.nrrd
2017-03-13 20:15:35,388 Iter 0, Minibatch Loss= 0.9843, Training Accuracy= 0.2076, Minibatch Error= 79.2%, LogitsMatrix= [ 0.05643338  0.37149107], Predictions= [ 0.42188066  0.57811928]
2017-03-13 20:15:35,388 Case: /home/ubuntu/ziyang/preprocessed_data/LabelMaps_1.00-1.00-1.00/008/case.nrrd
2017-03-13 20:15:50,215 Iter 1, Minibatch Loss= 0.9920, Training Accuracy= 0.1679, Minibatch Error= 83.2%, LogitsMatrix= [ 0.04564837  0.28008914], Predictions= [ 0.44165677  0.55834317]
2017-03-13 20:15:50,216 Case: /home/ubuntu/ziyang/preprocessed_data/LabelMaps_1.00-1.00-1.00/012/case.nrrd
2017-03-13 20:16:04,833 Iter 2, Minibatch Loss= 0.9936, Training Accuracy= 0.1988, Minibatch Error= 80.1%, LogitsMatrix= [-0.03846204  0.33178553], Predictions= [ 0.40848121  0.59151882]
2017-03-13 20:16:04,833 Case: /home/ubuntu/ziyang/preprocessed_data/LabelMaps_1.00-1.00-1.00/014/case.nrrd
2017-03-13 20:16:19,148 Iter 3, Minibatch Loss= 0.9982, Training Accuracy= 0.1025, Minibatch Error= 89.7%, LogitsMatrix= [-0.0339098   0.34403914], Predictions= [ 0.40662166  0.59337837]
2017-03-13 20:16:19,149 Case: /home/ubuntu/ziyang/preprocessed_data/LabelMaps_1.00-1.00-1.00/016/case.nrrd
2017-03-13 20:16:33,739 Iter 4, Minibatch Loss= 0.9988, Training Accuracy= 0.1125, Minibatch Error= 88.8%, LogitsMatrix= [-0.03355664  0.367948  ], Predictions= [ 0.40095088  0.59904909]
2017-03-13 20:16:33,739 Case: /home/ubuntu/ziyang/preprocessed_data/LabelMaps_1.00-1.00-1.00/021/case.nrrd
2017-03-13 20:16:48,132 Iter 5, Minibatch Loss= 0.9984, Training Accuracy= 0.1231, Minibatch Error= 87.7%, LogitsMatrix= [ 0.0613861   0.37097061], Predictions= [ 0.42321616  0.57678384]
2017-03-13 20:16:48,132 Case: /home/ubuntu/ziyang/preprocessed_data/LabelMaps_1.00-1.00-1.00/022/case.nrrd
2017-03-13 20:17:03,655 Iter 6, Minibatch Loss= 0.9883, Training Accuracy= 0.2773, Minibatch Error= 72.3%, LogitsMatrix= [-0.06828249  0.33180481], Predictions= [ 0.40129137  0.59870863]
2017-03-13 20:17:03,655 Case: /home/ubuntu/ziyang/preprocessed_data/LabelMaps_1.00-1.00-1.00/023/case.nrrd
2017-03-13 20:17:19,381 Iter 7, Minibatch Loss= 0.9842, Training Accuracy= 0.1663, Minibatch Error= 83.4%, LogitsMatrix= [ 0.00857836  0.36919993], Predictions= [ 0.4108091  0.5891909]
2017-03-13 20:17:19,382 Case: /home/ubuntu/ziyang/preprocessed_data/LabelMaps_1.00-1.00-1.00/024/case.nrrd
2017-03-13 20:17:33,921 Iter 8, Minibatch Loss= 0.9907, Training Accuracy= 0.1563, Minibatch Error= 84.4%, LogitsMatrix= [-0.15746379  0.36738417], Predictions= [ 0.37171927  0.6282807 ]
2017-03-13 20:17:33,922 Case: /home/ubuntu/ziyang/preprocessed_data/LabelMaps_1.00-1.00-1.00/025/case.nrrd
2017-03-13 20:17:49,201 Iter 9, Minibatch Loss= 0.9955, Training Accuracy= 0.1777, Minibatch Error= 82.2%, LogitsMatrix= [-0.01531577  0.34966952], Predictions= [ 0.40975326  0.59024668]
2017-03-13 20:17:49,201 Case: /home/ubuntu/ziyang/preprocessed_data/LabelMaps_1.00-1.00-1.00/026/case.nrrd
2017-03-13 20:18:04,769 Iter 10, Minibatch Loss= 0.9969, Training Accuracy= 0.1237, Minibatch Error= 87.6%, LogitsMatrix= [-0.01180232  0.34968412], Predictions= [ 0.4105998   0.58940023]
2017-03-13 20:18:04,769 Case: /home/ubuntu/ziyang/preprocessed_data/LabelMaps_1.00-1.00-1.00/027/case.nrrd
2017-03-13 20:18:19,936 Iter 11, Minibatch Loss= 0.9959, Training Accuracy= 0.1579, Minibatch Error= 84.2%, LogitsMatrix= [ 0.12540942  0.3262046 ], Predictions= [ 0.4499692   0.55003083]
2017-03-13 20:18:19,937 Case: /home/ubuntu/ziyang/preprocessed_data/LabelMaps_1.00-1.00-1.00/029/case.nrrd
2017-03-13 20:18:35,351 Iter 12, Minibatch Loss= 0.9884, Training Accuracy= 0.1972, Minibatch Error= 80.3%, LogitsMatrix= [-0.0737325   0.31894314], Predictions= [ 0.4030734   0.59692669]
2017-03-13 20:18:35,351 Case: /home/ubuntu/ziyang/preprocessed_data/LabelMaps_1.00-1.00-1.00/030/case.nrrd
2017-03-13 20:18:50,805 Iter 13, Minibatch Loss= 0.9978, Training Accuracy= 0.2231, Minibatch Error= 77.7%, LogitsMatrix= [-0.02927542  0.33231199], Predictions= [ 0.41057536  0.58942467]
2017-03-13 20:18:50,805 Case: /home/ubuntu/ziyang/preprocessed_data/LabelMaps_1.00-1.00-1.00/031/case.nrrd
2017-03-13 20:19:06,326 Iter 14, Minibatch Loss= 1.0000, Training Accuracy= 0.1218, Minibatch Error= 87.8%, LogitsMatrix= [-0.01908726  0.34402296], Predictions= [ 0.41020688  0.58979315]
2017-03-13 20:19:06,326 Case: /home/ubuntu/ziyang/preprocessed_data/LabelMaps_1.00-1.00-1.00/033/case.nrrd
2017-03-13 20:19:21,781 Iter 15, Minibatch Loss= 1.0000, Training Accuracy= 0.2006, Minibatch Error= 79.9%, LogitsMatrix= [ 0.00269584  0.33856046], Predictions= [ 0.41681436  0.58318567]
2017-03-13 20:19:21,781 Case: /home/ubuntu/ziyang/preprocessed_data/LabelMaps_1.00-1.00-1.00/034/case.nrrd
2017-03-13 20:19:36,236 Iter 16, Minibatch Loss= 0.9960, Training Accuracy= 0.1282, Minibatch Error= 87.2%, LogitsMatrix= [ 0.07266076  0.36861965], Predictions= [ 0.42654565  0.57345432]
2017-03-13 20:19:36,237 Case: /home/ubuntu/ziyang/preprocessed_data/LabelMaps_1.00-1.00-1.00/035/case.nrrd
2017-03-13 20:19:51,633 Iter 17, Minibatch Loss= 0.9980, Training Accuracy= 0.2250, Minibatch Error= 77.5%, LogitsMatrix= [-0.02851188  0.34855279], Predictions= [ 0.40683505  0.59316498]
2017-03-13 20:19:51,633 Case: /home/ubuntu/ziyang/preprocessed_data/LabelMaps_1.00-1.00-1.00/037/case.nrrd
2017-03-13 20:20:07,252 Iter 18, Minibatch Loss= 0.9976, Training Accuracy= 0.1645, Minibatch Error= 83.5%, LogitsMatrix= [-0.01661271  0.32220536], Predictions= [ 0.4160966   0.58390337]
2017-03-13 20:20:07,253 Case: /home/ubuntu/ziyang/preprocessed_data/LabelMaps_1.00-1.00-1.00/038/case.nrrd
2017-03-13 20:20:22,185 Iter 19, Minibatch Loss= 1.0000, Training Accuracy= 0.0660, Minibatch Error= 93.4%, LogitsMatrix= [-0.02984333  0.34540415], Predictions= [ 0.40727365  0.59272635]
2017-03-13 20:20:22,185 Case: /home/ubuntu/ziyang/preprocessed_data/LabelMaps_1.00-1.00-1.00/039/case.nrrd
2017-03-13 20:20:37,780 Iter 20, Minibatch Loss= 0.9947, Training Accuracy= 0.1937, Minibatch Error= 80.6%, LogitsMatrix= [ 0.0438153  0.3347699], Predictions= [ 0.4277702   0.57222986]
2017-03-13 20:20:37,780 Case: /home/ubuntu/ziyang/preprocessed_data/LabelMaps_1.00-1.00-1.00/040/case.nrrd
2017-03-13 20:20:53,013 Iter 21, Minibatch Loss= 0.9737, Training Accuracy= 0.1267, Minibatch Error= 87.3%, LogitsMatrix= [ 0.01414782  0.37833953], Predictions= [ 0.40994522  0.59005475]
2017-03-13 20:20:53,013 Case: /home/ubuntu/ziyang/preprocessed_data/LabelMaps_1.00-1.00-1.00/041/case.nrrd
2017-03-13 20:21:08,339 Iter 22, Minibatch Loss= 0.9776, Training Accuracy= 0.1508, Minibatch Error= 84.9%, LogitsMatrix= [-0.01965016  0.37482631], Predictions= [ 0.40264013  0.59735984]
2017-03-13 20:21:08,340 Case: /home/ubuntu/ziyang/preprocessed_data/LabelMaps_1.00-1.00-1.00/042/case.nrrd
2017-03-13 20:21:22,910 Iter 23, Minibatch Loss= 0.9970, Training Accuracy= 0.1429, Minibatch Error= 85.7%, LogitsMatrix= [-0.02747595  0.33806026], Predictions= [ 0.40962005  0.59037995]
2017-03-13 20:21:22,910 Case: /home/ubuntu/ziyang/preprocessed_data/LabelMaps_1.00-1.00-1.00/044/case.nrrd
2017-03-13 20:21:37,962 Iter 24, Minibatch Loss= 0.9877, Training Accuracy= 0.1395, Minibatch Error= 86.0%, LogitsMatrix= [-0.02770734  0.33385825], Predictions= [ 0.41058061  0.58941936]
2017-03-13 20:21:37,962 Case: /home/ubuntu/ziyang/preprocessed_data/LabelMaps_1.00-1.00-1.00/045/case.nrrd
2017-03-13 20:21:53,236 Iter 25, Minibatch Loss= 0.9997, Training Accuracy= 0.1004, Minibatch Error= 90.0%, LogitsMatrix= [-0.00137734  0.33664575], Predictions= [ 0.41628975  0.58371019]
2017-03-13 20:21:53,236 Case: /home/ubuntu/ziyang/preprocessed_data/LabelMaps_1.00-1.00-1.00/048/case.nrrd
2017-03-13 20:22:08,699 Iter 26, Minibatch Loss= 1.0000, Training Accuracy= 0.1294, Minibatch Error= 87.1%, LogitsMatrix= [-0.04524386  0.33999133], Predictions= [ 0.40486485  0.59513515]
2017-03-13 20:22:08,699 Case: /home/ubuntu/ziyang/preprocessed_data/LabelMaps_1.00-1.00-1.00/049/case.nrrd
2017-03-13 20:22:24,460 Iter 27, Minibatch Loss= 0.9964, Training Accuracy= 0.1154, Minibatch Error= 88.5%, LogitsMatrix= [ 0.00934713  0.32504719], Predictions= [ 0.42172402  0.57827598]
2017-03-13 20:22:24,460 Case: /home/ubuntu/ziyang/preprocessed_data/LabelMaps_1.00-1.00-1.00/050/case.nrrd
2017-03-13 20:22:39,857 Iter 28, Minibatch Loss= 0.9925, Training Accuracy= 0.1579, Minibatch Error= 84.2%, LogitsMatrix= [ 0.01753339  0.35884413], Predictions= [ 0.4154911   0.58450884]
2017-03-13 20:22:39,858 Case: /home/ubuntu/ziyang/preprocessed_data/LabelMaps_1.00-1.00-1.00/053/case.nrrd
2017-03-13 20:22:55,152 Iter 29, Minibatch Loss= 0.9821, Training Accuracy= 0.2318, Minibatch Error= 76.8%, LogitsMatrix= [-0.06498742  0.31089497], Predictions= [ 0.40712038  0.59287959]
2017-03-13 20:22:55,153 Case: /home/ubuntu/ziyang/preprocessed_data/LabelMaps_1.00-1.00-1.00/056/case.nrrd
2017-03-13 20:23:10,619 Iter 30, Minibatch Loss= 0.9969, Training Accuracy= 0.1489, Minibatch Error= 85.1%, LogitsMatrix= [ 0.0503545   0.33185732], Predictions= [ 0.43008539  0.56991464]
2017-03-13 20:23:10,619 Case: /home/ubuntu/ziyang/preprocessed_data/LabelMaps_1.00-1.00-1.00/058/case.nrrd
2017-03-13 20:23:26,069 Iter 31, Minibatch Loss= 0.9962, Training Accuracy= 0.2512, Minibatch Error= 74.9%, LogitsMatrix= [-0.00069511  0.33044651], Predictions= [ 0.41796291  0.58203715]
2017-03-13 20:23:26,069 Case: /home/ubuntu/ziyang/preprocessed_data/LabelMaps_1.00-1.00-1.00/059/case.nrrd
2017-03-13 20:23:42,014 Iter 32, Minibatch Loss= 0.9744, Training Accuracy= 0.1606, Minibatch Error= 83.9%, LogitsMatrix= [  2.34991312e-04   3.36424291e-01], Predictions= [ 0.41673547  0.58326459]
2017-03-13 20:23:42,014 Case: /home/ubuntu/ziyang/preprocessed_data/LabelMaps_1.00-1.00-1.00/060/case.nrrd
2017-03-13 20:23:57,291 Iter 33, Minibatch Loss= 0.9954, Training Accuracy= 0.1626, Minibatch Error= 83.7%, LogitsMatrix= [ 0.02064093  0.33110458], Predictions= [ 0.42300156  0.57699841]
2017-03-13 20:23:57,291 Case: /home/ubuntu/ziyang/preprocessed_data/LabelMaps_1.00-1.00-1.00/063/case.nrrd
2017-03-13 20:24:12,643 Iter 34, Minibatch Loss= 0.9848, Training Accuracy= 0.1304, Minibatch Error= 87.0%, LogitsMatrix= [ 0.02321832  0.3228237 ], Predictions= [ 0.42565393  0.57434607]
2017-03-13 20:24:12,643 Case: /home/ubuntu/ziyang/preprocessed_data/LabelMaps_1.00-1.00-1.00/064/case.nrrd
2017-03-13 20:24:28,316 Iter 35, Minibatch Loss= 0.9985, Training Accuracy= 0.1158, Minibatch Error= 88.4%, LogitsMatrix= [ 0.01297421  0.32529593], Predictions= [ 0.42254812  0.57745188]
2017-03-13 20:24:28,316 Case: /home/ubuntu/ziyang/preprocessed_data/LabelMaps_1.00-1.00-1.00/069/case.nrrd
2017-03-13 20:24:43,630 Iter 36, Minibatch Loss= 0.9974, Training Accuracy= 0.1605, Minibatch Error= 83.9%, LogitsMatrix= [ 0.00761559  0.32949722], Predictions= [ 0.42021725  0.57978272]
2017-03-13 20:24:43,630 Epoch 0, Average loss: 0.9984, Learning rate: 0.2000
2017-03-13 20:24:44,655 Validation Error= 90.0, Validation Loss= 0.9926
2017-03-13 20:24:46,843 Case: /home/ubuntu/ziyang/preprocessed_data/LabelMaps_1.00-1.00-1.00/007/case.nrrd
2017-03-13 20:25:01,865 Iter 37, Minibatch Loss= 0.9804, Training Accuracy= 0.1742, Minibatch Error= 82.6%, LogitsMatrix= [ 0.07789333  0.35883161], Predictions= [ 0.43022373  0.56977624]
2017-03-13 20:25:01,865 Case: /home/ubuntu/ziyang/preprocessed_data/LabelMaps_1.00-1.00-1.00/008/case.nrrd
2017-03-13 20:25:16,701 Iter 38, Minibatch Loss= 0.9887, Training Accuracy= 0.1580, Minibatch Error= 84.2%, LogitsMatrix= [ 0.07512755  0.2559135 ], Predictions= [ 0.45492616  0.54507375]
2017-03-13 20:25:16,701 Case: /home/ubuntu/ziyang/preprocessed_data/LabelMaps_1.00-1.00-1.00/012/case.nrrd
2017-03-13 20:25:31,641 Iter 39, Minibatch Loss= 0.9910, Training Accuracy= 0.1874, Minibatch Error= 81.3%, LogitsMatrix= [-0.01392877  0.28747249], Predictions= [ 0.42521492  0.57478499]
2017-03-13 20:25:31,641 Case: /home/ubuntu/ziyang/preprocessed_data/LabelMaps_1.00-1.00-1.00/014/case.nrrd
2017-03-13 20:25:46,027 Iter 40, Minibatch Loss= 0.9978, Training Accuracy= 0.1042, Minibatch Error= 89.6%, LogitsMatrix= [-0.01253945  0.29627413], Predictions= [ 0.42340437  0.57659566]
2017-03-13 20:25:46,027 Case: /home/ubuntu/ziyang/preprocessed_data/LabelMaps_1.00-1.00-1.00/016/case.nrrd
2017-03-13 20:26:01,010 Iter 41, Minibatch Loss= 0.9983, Training Accuracy= 0.1111, Minibatch Error= 88.9%, LogitsMatrix= [-0.00288767  0.32236928], Predictions= [ 0.41939512  0.58060485]
2017-03-13 20:26:01,010 Case: /home/ubuntu/ziyang/preprocessed_data/LabelMaps_1.00-1.00-1.00/021/case.nrrd
2017-03-13 20:26:15,450 Iter 42, Minibatch Loss= 0.9978, Training Accuracy= 0.1242, Minibatch Error= 87.6%, LogitsMatrix= [ 0.09341608  0.35332343], Predictions= [ 0.43538648  0.56461352]
2017-03-13 20:26:15,450 Case: /home/ubuntu/ziyang/preprocessed_data/LabelMaps_1.00-1.00-1.00/022/case.nrrd
2017-03-13 20:26:30,717 Iter 43, Minibatch Loss= 0.9843, Training Accuracy= 0.2609, Minibatch Error= 73.9%, LogitsMatrix= [-0.02890486  0.309039  ], Predictions= [ 0.416309    0.58369094]
2017-03-13 20:26:30,718 Case: /home/ubuntu/ziyang/preprocessed_data/LabelMaps_1.00-1.00-1.00/023/case.nrrd
2017-03-13 20:26:46,123 Iter 44, Minibatch Loss= 0.9789, Training Accuracy= 0.1691, Minibatch Error= 83.1%, LogitsMatrix= [ 0.04226027  0.32295722], Predictions= [ 0.43028295  0.56971711]
2017-03-13 20:26:46,123 Case: /home/ubuntu/ziyang/preprocessed_data/LabelMaps_1.00-1.00-1.00/024/case.nrrd
2017-03-13 20:27:00,654 Iter 45, Minibatch Loss= 0.9868, Training Accuracy= 0.1720, Minibatch Error= 82.8%, LogitsMatrix= [-0.12259179  0.30847105], Predictions= [ 0.39387256  0.60612744]
2017-03-13 20:27:00,654 Case: /home/ubuntu/ziyang/preprocessed_data/LabelMaps_1.00-1.00-1.00/025/case.nrrd
2017-03-13 20:27:15,990 Iter 46, Minibatch Loss= 0.9936, Training Accuracy= 0.1860, Minibatch Error= 81.4%, LogitsMatrix= [ 0.02140949  0.29377148], Predictions= [ 0.4323273   0.56767267]
2017-03-13 20:27:15,990 Case: /home/ubuntu/ziyang/preprocessed_data/LabelMaps_1.00-1.00-1.00/026/case.nrrd
2017-03-13 20:27:31,965 Iter 47, Minibatch Loss= 0.9952, Training Accuracy= 0.1401, Minibatch Error= 86.0%, LogitsMatrix= [ 0.0167824   0.28309116], Predictions= [ 0.43381351  0.56618649]
2017-03-13 20:27:31,966 Case: /home/ubuntu/ziyang/preprocessed_data/LabelMaps_1.00-1.00-1.00/027/case.nrrd
2017-03-13 20:27:47,162 Iter 48, Minibatch Loss= 0.9942, Training Accuracy= 0.1741, Minibatch Error= 82.6%, LogitsMatrix= [ 0.14103678  0.30491856], Predictions= [ 0.45912102  0.54087901]
2017-03-13 20:27:47,162 Case: /home/ubuntu/ziyang/preprocessed_data/LabelMaps_1.00-1.00-1.00/029/case.nrrd
2017-03-13 20:28:02,203 Iter 49, Minibatch Loss= 0.9827, Training Accuracy= 0.2171, Minibatch Error= 78.3%, LogitsMatrix= [-0.04825819  0.25113142], Predictions= [ 0.42570671  0.57429332]
2017-03-13 20:28:02,203 Case: /home/ubuntu/ziyang/preprocessed_data/LabelMaps_1.00-1.00-1.00/030/case.nrrd
2017-03-13 20:28:17,580 Iter 50, Minibatch Loss= 0.9966, Training Accuracy= 0.2466, Minibatch Error= 75.3%, LogitsMatrix= [ 0.00158501  0.2712723 ], Predictions= [ 0.43298385  0.56701612]
2017-03-13 20:28:17,581 Case: /home/ubuntu/ziyang/preprocessed_data/LabelMaps_1.00-1.00-1.00/031/case.nrrd
2017-03-13 20:28:33,234 Iter 51, Minibatch Loss= 1.0000, Training Accuracy= 0.1501, Minibatch Error= 85.0%, LogitsMatrix= [ 0.0093394   0.27123713], Predictions= [ 0.43489727  0.56510276]
2017-03-13 20:28:33,234 Case: /home/ubuntu/ziyang/preprocessed_data/LabelMaps_1.00-1.00-1.00/033/case.nrrd
2017-03-13 20:28:49,021 Iter 52, Minibatch Loss= 1.0000, Training Accuracy= 0.2246, Minibatch Error= 77.5%, LogitsMatrix= [ 0.0334133   0.27679098], Predictions= [ 0.43945411  0.56054586]
2017-03-13 20:28:49,021 Case: /home/ubuntu/ziyang/preprocessed_data/LabelMaps_1.00-1.00-1.00/034/case.nrrd
2017-03-13 20:29:03,502 Iter 53, Minibatch Loss= 0.9935, Training Accuracy= 0.1592, Minibatch Error= 84.1%, LogitsMatrix= [ 0.08039305  0.29245627], Predictions= [ 0.447182    0.55281806]
2017-03-13 20:29:03,502 Case: /home/ubuntu/ziyang/preprocessed_data/LabelMaps_1.00-1.00-1.00/035/case.nrrd
2017-03-13 20:29:19,297 Iter 54, Minibatch Loss= 0.9965, Training Accuracy= 0.2547, Minibatch Error= 74.5%, LogitsMatrix= [ 0.00473198  0.27115256], Predictions= [ 0.43378606  0.56621397]
2017-03-13 20:29:19,298 Case: /home/ubuntu/ziyang/preprocessed_data/LabelMaps_1.00-1.00-1.00/037/case.nrrd
2017-03-13 20:29:34,663 Iter 55, Minibatch Loss= 0.9963, Training Accuracy= 0.1939, Minibatch Error= 80.6%, LogitsMatrix= [ 0.0102042   0.25172347], Predictions= [ 0.43991199  0.56008804]
2017-03-13 20:29:34,663 Case: /home/ubuntu/ziyang/preprocessed_data/LabelMaps_1.00-1.00-1.00/038/case.nrrd
2017-03-13 20:29:49,538 Iter 56, Minibatch Loss= 1.0000, Training Accuracy= 0.1044, Minibatch Error= 89.6%, LogitsMatrix= [-0.00471431  0.25966501], Predictions= [ 0.43428746  0.56571251]
2017-03-13 20:29:49,538 Case: /home/ubuntu/ziyang/preprocessed_data/LabelMaps_1.00-1.00-1.00/039/case.nrrd
2017-03-13 20:30:04,879 Iter 57, Minibatch Loss= 0.9916, Training Accuracy= 0.2297, Minibatch Error= 77.0%, LogitsMatrix= [ 0.07565913  0.2538994 ], Predictions= [ 0.45555753  0.54444247]
2017-03-13 20:30:04,879 Case: /home/ubuntu/ziyang/preprocessed_data/LabelMaps_1.00-1.00-1.00/040/case.nrrd
2017-03-13 20:30:20,176 Iter 58, Minibatch Loss= 0.9593, Training Accuracy= 0.1824, Minibatch Error= 81.8%, LogitsMatrix= [ 0.05254468  0.25725713], Predictions= [ 0.44899985  0.55100012]
2017-03-13 20:30:20,176 Case: /home/ubuntu/ziyang/preprocessed_data/LabelMaps_1.00-1.00-1.00/041/case.nrrd
2017-03-13 20:30:35,842 Iter 59, Minibatch Loss= 0.9602, Training Accuracy= 0.2165, Minibatch Error= 78.3%, LogitsMatrix= [ 0.01120517  0.24657789], Predictions= [ 0.44142696  0.55857301]
2017-03-13 20:30:35,842 Case: /home/ubuntu/ziyang/preprocessed_data/LabelMaps_1.00-1.00-1.00/042/case.nrrd
2017-03-13 20:30:50,718 Iter 60, Minibatch Loss= 0.9943, Training Accuracy= 0.2160, Minibatch Error= 78.4%, LogitsMatrix= [ 0.00234568  0.22006074], Predictions= [ 0.44578519  0.55421478]
2017-03-13 20:30:50,718 Case: /home/ubuntu/ziyang/preprocessed_data/LabelMaps_1.00-1.00-1.00/044/case.nrrd
2017-03-13 20:31:05,748 Iter 61, Minibatch Loss= 0.9739, Training Accuracy= 0.2557, Minibatch Error= 74.4%, LogitsMatrix= [ 0.00497411  0.1955947 ], Predictions= [ 0.45248863  0.5475114 ]
2017-03-13 20:31:05,748 Case: /home/ubuntu/ziyang/preprocessed_data/LabelMaps_1.00-1.00-1.00/045/case.nrrd
2017-03-13 20:31:21,152 Iter 62, Minibatch Loss= 0.9993, Training Accuracy= 0.2230, Minibatch Error= 77.7%, LogitsMatrix= [ 0.03089674  0.19197108], Predictions= [ 0.45981824  0.54018176]
2017-03-13 20:31:21,152 Case: /home/ubuntu/ziyang/preprocessed_data/LabelMaps_1.00-1.00-1.00/048/case.nrrd
2017-03-13 20:31:36,748 Iter 63, Minibatch Loss= 1.0000, Training Accuracy= 0.2667, Minibatch Error= 73.3%, LogitsMatrix= [-0.01275772  0.18879685], Predictions= [ 0.44978124  0.55021876]
2017-03-13 20:31:36,748 Case: /home/ubuntu/ziyang/preprocessed_data/LabelMaps_1.00-1.00-1.00/049/case.nrrd
2017-03-13 20:31:52,193 Iter 64, Minibatch Loss= 0.9910, Training Accuracy= 0.2469, Minibatch Error= 75.3%, LogitsMatrix= [ 0.0378036   0.18426237], Predictions= [ 0.46345064  0.53654939]
2017-03-13 20:31:52,193 Case: /home/ubuntu/ziyang/preprocessed_data/LabelMaps_1.00-1.00-1.00/050/case.nrrd
2017-03-13 20:32:07,585 Iter 65, Minibatch Loss= 0.9789, Training Accuracy= 0.3536, Minibatch Error= 64.6%, LogitsMatrix= [ 0.05606003  0.16125473], Predictions= [ 0.47372553  0.52627444]
2017-03-13 20:32:07,586 Case: /home/ubuntu/ziyang/preprocessed_data/LabelMaps_1.00-1.00-1.00/053/case.nrrd
2017-03-13 20:32:22,875 Iter 66, Minibatch Loss= 0.9472, Training Accuracy= 0.5381, Minibatch Error= 46.2%, LogitsMatrix= [-0.02552813  0.09663475], Predictions= [ 0.46949717  0.5305028 ]
2017-03-13 20:32:22,875 Case: /home/ubuntu/ziyang/preprocessed_data/LabelMaps_1.00-1.00-1.00/056/case.nrrd
2017-03-13 20:32:38,346 Iter 67, Minibatch Loss= 0.9912, Training Accuracy= 0.2642, Minibatch Error= 73.6%, LogitsMatrix= [ 0.09029106  0.11289775], Predictions= [ 0.49434856  0.50565141]
2017-03-13 20:32:38,346 Case: /home/ubuntu/ziyang/preprocessed_data/LabelMaps_1.00-1.00-1.00/058/case.nrrd
2017-03-13 20:32:53,774 Iter 68, Minibatch Loss= 0.9886, Training Accuracy= 0.4384, Minibatch Error= 56.2%, LogitsMatrix= [ 0.03524735  0.08914677], Predictions= [ 0.48652843  0.5134716 ]
2017-03-13 20:32:53,774 Case: /home/ubuntu/ziyang/preprocessed_data/LabelMaps_1.00-1.00-1.00/059/case.nrrd
2017-03-13 20:33:09,497 Iter 69, Minibatch Loss= 1.0512, Training Accuracy= 0.9740, Minibatch Error= 2.6%, LogitsMatrix= [ 0.02763522 -0.0600329 ], Predictions= [ 0.52190304  0.47809699]
2017-03-13 20:33:09,497 Case: /home/ubuntu/ziyang/preprocessed_data/LabelMaps_1.00-1.00-1.00/060/case.nrrd
2017-03-13 20:33:25,153 Iter 70, Minibatch Loss= 1.0068, Training Accuracy= 0.9945, Minibatch Error= 0.6%, LogitsMatrix= [ 0.06122584 -0.07193875], Predictions= [ 0.53324205  0.46675798]
2017-03-13 20:33:25,153 Case: /home/ubuntu/ziyang/preprocessed_data/LabelMaps_1.00-1.00-1.00/063/case.nrrd
2017-03-13 20:33:40,586 Iter 71, Minibatch Loss= 1.0247, Training Accuracy= 0.9916, Minibatch Error= 0.8%, LogitsMatrix= [ 0.04521115 -0.07825649], Predictions= [ 0.53082776  0.46917224]
2017-03-13 20:33:40,586 Case: /home/ubuntu/ziyang/preprocessed_data/LabelMaps_1.00-1.00-1.00/064/case.nrrd
2017-03-13 20:33:55,945 Iter 72, Minibatch Loss= 1.0024, Training Accuracy= 0.9984, Minibatch Error= 0.2%, LogitsMatrix= [ 0.03544161 -0.09789979], Predictions= [ 0.53328604  0.46671396]
2017-03-13 20:33:55,945 Case: /home/ubuntu/ziyang/preprocessed_data/LabelMaps_1.00-1.00-1.00/069/case.nrrd
2017-03-13 20:34:11,198 Iter 73, Minibatch Loss= 1.0038, Training Accuracy= 0.9962, Minibatch Error= 0.4%, LogitsMatrix= [ 0.03047884 -0.11900502], Predictions= [ 0.53730154  0.46269846]
2017-03-13 20:34:11,198 Epoch 1, Average loss: 0.9957, Learning rate: 0.1900
2017-03-13 20:34:12,226 Validation Error= 0.5, Validation Loss= 1.0115
2017-03-13 20:34:14,677 Case: /home/ubuntu/ziyang/preprocessed_data/LabelMaps_1.00-1.00-1.00/007/case.nrrd
2017-03-13 20:34:29,876 Iter 74, Minibatch Loss= 1.0228, Training Accuracy= 0.9940, Minibatch Error= 0.6%, LogitsMatrix= [ 0.12677968 -0.27726543], Predictions= [ 0.59965914  0.40034083]
2017-03-13 20:34:29,876 Case: /home/ubuntu/ziyang/preprocessed_data/LabelMaps_1.00-1.00-1.00/008/case.nrrd
2017-03-13 20:34:44,429 Iter 75, Minibatch Loss= 1.0169, Training Accuracy= 0.9891, Minibatch Error= 1.1%, LogitsMatrix= [ 0.11685891 -0.13185084], Predictions= [ 0.56185895  0.43814108]
2017-03-13 20:34:44,429 Case: /home/ubuntu/ziyang/preprocessed_data/LabelMaps_1.00-1.00-1.00/012/case.nrrd
2017-03-13 20:34:59,074 Iter 76, Minibatch Loss= 1.0116, Training Accuracy= 0.9907, Minibatch Error= 0.9%, LogitsMatrix= [ 0.01385702 -0.10686135], Predictions= [ 0.53014302  0.46985704]
2017-03-13 20:34:59,074 Case: /home/ubuntu/ziyang/preprocessed_data/LabelMaps_1.00-1.00-1.00/014/case.nrrd
2017-03-13 20:35:13,833 Iter 77, Minibatch Loss= 1.0024, Training Accuracy= 0.9898, Minibatch Error= 1.0%, LogitsMatrix= [ 0.00162286 -0.09332997], Predictions= [ 0.52372038  0.47627962]
2017-03-13 20:35:13,833 Case: /home/ubuntu/ziyang/preprocessed_data/LabelMaps_1.00-1.00-1.00/016/case.nrrd
2017-03-13 20:35:28,837 Iter 78, Minibatch Loss= 1.0030, Training Accuracy= 0.9927, Minibatch Error= 0.7%, LogitsMatrix= [ 0.05708351 -0.25557488], Predictions= [ 0.57753402  0.42246598]
2017-03-13 20:35:28,838 Case: /home/ubuntu/ziyang/preprocessed_data/LabelMaps_1.00-1.00-1.00/021/case.nrrd
2017-03-13 20:35:43,272 Iter 79, Minibatch Loss= 1.0030, Training Accuracy= 0.9905, Minibatch Error= 0.9%, LogitsMatrix= [ 0.14143777 -0.36934316], Predictions= [ 0.62498951  0.37501049]
2017-03-13 20:35:43,272 Case: /home/ubuntu/ziyang/preprocessed_data/LabelMaps_1.00-1.00-1.00/022/case.nrrd
2017-03-13 20:35:58,822 Iter 80, Minibatch Loss= 1.0142, Training Accuracy= 0.9938, Minibatch Error= 0.6%, LogitsMatrix= [ 0.01702747 -0.32136422], Predictions= [ 0.58379984  0.41620022]
2017-03-13 20:35:58,823 Case: /home/ubuntu/ziyang/preprocessed_data/LabelMaps_1.00-1.00-1.00/023/case.nrrd
2017-03-13 20:36:14,331 Iter 81, Minibatch Loss= 1.0196, Training Accuracy= 0.9969, Minibatch Error= 0.3%, LogitsMatrix= [ 0.07787442 -0.2173562 ], Predictions= [ 0.57327622  0.42672381]
2017-03-13 20:36:14,331 Case: /home/ubuntu/ziyang/preprocessed_data/LabelMaps_1.00-1.00-1.00/024/case.nrrd
2017-03-13 20:36:28,904 Iter 82, Minibatch Loss= 1.0127, Training Accuracy= 0.9911, Minibatch Error= 0.9%, LogitsMatrix= [-0.07894194 -0.38015962], Predictions= [ 0.57474017  0.42525983]
2017-03-13 20:36:28,904 Case: /home/ubuntu/ziyang/preprocessed_data/LabelMaps_1.00-1.00-1.00/025/case.nrrd
2017-03-13 20:36:44,345 Iter 83, Minibatch Loss= 1.0055, Training Accuracy= 0.9987, Minibatch Error= 0.1%, LogitsMatrix= [ 0.05129274 -0.18428838], Predictions= [ 0.55862439  0.44137558]
2017-03-13 20:36:44,345 Case: /home/ubuntu/ziyang/preprocessed_data/LabelMaps_1.00-1.00-1.00/026/case.nrrd
2017-03-13 20:37:00,034 Iter 84, Minibatch Loss= 1.0053, Training Accuracy= 0.9991, Minibatch Error= 0.1%, LogitsMatrix= [ 0.02931043 -0.16128582], Predictions= [ 0.54750532  0.45249465]
2017-03-13 20:37:00,034 Case: /home/ubuntu/ziyang/preprocessed_data/LabelMaps_1.00-1.00-1.00/027/case.nrrd
2017-03-13 20:37:14,891 Iter 85, Minibatch Loss= 1.0045, Training Accuracy= 0.9979, Minibatch Error= 0.2%, LogitsMatrix= [ 0.15686622 -0.43130201], Predictions= [ 0.64294475  0.35705528]
2017-03-13 20:37:14,891 Case: /home/ubuntu/ziyang/preprocessed_data/LabelMaps_1.00-1.00-1.00/029/case.nrrd
2017-03-13 20:37:29,966 Iter 86, Minibatch Loss= 1.0144, Training Accuracy= 0.9965, Minibatch Error= 0.4%, LogitsMatrix= [-0.0428797  -0.14929223], Predictions= [ 0.52657807  0.47342193]
2017-03-13 20:37:29,966 Case: /home/ubuntu/ziyang/preprocessed_data/LabelMaps_1.00-1.00-1.00/030/case.nrrd
2017-03-13 20:37:45,684 Iter 87, Minibatch Loss= 1.0029, Training Accuracy= 0.9980, Minibatch Error= 0.2%, LogitsMatrix= [ 0.01692675 -0.21398294], Predictions= [ 0.55747229  0.44252768]
2017-03-13 20:37:45,684 Case: /home/ubuntu/ziyang/preprocessed_data/LabelMaps_1.00-1.00-1.00/031/case.nrrd
2017-03-13 20:38:01,241 Iter 88, Minibatch Loss= 1.0000, Training Accuracy= 0.9998, Minibatch Error= 0.0%, LogitsMatrix= [ 0.01960815 -0.15374166], Predictions= [ 0.54322922  0.45677069]
2017-03-13 20:38:01,241 Case: /home/ubuntu/ziyang/preprocessed_data/LabelMaps_1.00-1.00-1.00/033/case.nrrd
2017-03-13 20:38:16,765 Iter 89, Minibatch Loss= 1.0000, Training Accuracy= 0.9992, Minibatch Error= 0.1%, LogitsMatrix= [ 0.04715112 -0.17873853], Predictions= [ 0.55623353  0.44376653]
2017-03-13 20:38:16,765 Case: /home/ubuntu/ziyang/preprocessed_data/LabelMaps_1.00-1.00-1.00/034/case.nrrd
2017-03-13 20:38:31,539 Iter 90, Minibatch Loss= 1.0073, Training Accuracy= 0.9979, Minibatch Error= 0.2%, LogitsMatrix= [ 0.12169705 -0.42192757], Predictions= [ 0.6326552   0.36734483]
2017-03-13 20:38:31,539 Case: /home/ubuntu/ziyang/preprocessed_data/LabelMaps_1.00-1.00-1.00/035/case.nrrd
2017-03-13 20:38:47,338 Iter 91, Minibatch Loss= 1.0033, Training Accuracy= 0.9985, Minibatch Error= 0.2%, LogitsMatrix= [ 0.02964015 -0.16997141], Predictions= [ 0.54973781  0.4502621 ]
2017-03-13 20:38:47,338 Case: /home/ubuntu/ziyang/preprocessed_data/LabelMaps_1.00-1.00-1.00/037/case.nrrd
2017-03-13 20:39:02,792 Iter 92, Minibatch Loss= 1.0029, Training Accuracy= 0.9992, Minibatch Error= 0.1%, LogitsMatrix= [ 0.02216648 -0.17117471], Predictions= [ 0.54818529  0.45181468]
2017-03-13 20:39:02,792 Case: /home/ubuntu/ziyang/preprocessed_data/LabelMaps_1.00-1.00-1.00/038/case.nrrd
2017-03-13 20:39:17,985 Iter 93, Minibatch Loss= 1.0000, Training Accuracy= 0.9998, Minibatch Error= 0.0%, LogitsMatrix= [-0.0011062  -0.12889552], Predictions= [ 0.53190392  0.46809605]
2017-03-13 20:39:17,985 Case: /home/ubuntu/ziyang/preprocessed_data/LabelMaps_1.00-1.00-1.00/039/case.nrrd
2017-03-13 20:39:33,368 Iter 94, Minibatch Loss= 1.0062, Training Accuracy= 0.9988, Minibatch Error= 0.1%, LogitsMatrix= [ 0.08841045 -0.1877262 ], Predictions= [ 0.56859881  0.43140116]
2017-03-13 20:39:33,369 Case: /home/ubuntu/ziyang/preprocessed_data/LabelMaps_1.00-1.00-1.00/040/case.nrrd
2017-03-13 20:39:48,715 Iter 95, Minibatch Loss= 1.0260, Training Accuracy= 0.9954, Minibatch Error= 0.5%, LogitsMatrix= [ 0.06637414 -0.24123907], Predictions= [ 0.57630253  0.42369741]
2017-03-13 20:39:48,715 Case: /home/ubuntu/ziyang/preprocessed_data/LabelMaps_1.00-1.00-1.00/041/case.nrrd
2017-03-13 20:40:04,119 Iter 96, Minibatch Loss= 1.0287, Training Accuracy= 0.9951, Minibatch Error= 0.5%, LogitsMatrix= [ 0.00599798 -0.22774398], Predictions= [ 0.55817086  0.44182912]
2017-03-13 20:40:04,119 Case: /home/ubuntu/ziyang/preprocessed_data/LabelMaps_1.00-1.00-1.00/042/case.nrrd
2017-03-13 20:40:18,997 Iter 97, Minibatch Loss= 1.0033, Training Accuracy= 0.9981, Minibatch Error= 0.2%, LogitsMatrix= [-0.00346196 -0.16084361], Predictions= [ 0.53926438  0.46073559]
2017-03-13 20:40:18,997 Case: /home/ubuntu/ziyang/preprocessed_data/LabelMaps_1.00-1.00-1.00/044/case.nrrd
2017-03-13 20:40:34,037 Iter 98, Minibatch Loss= 1.0149, Training Accuracy= 0.9974, Minibatch Error= 0.3%, LogitsMatrix= [-0.00345689 -0.16549742], Predictions= [ 0.54042172  0.45957825]
2017-03-13 20:40:34,037 Case: /home/ubuntu/ziyang/preprocessed_data/LabelMaps_1.00-1.00-1.00/045/case.nrrd
2017-03-13 20:40:49,464 Iter 99, Minibatch Loss= 1.0004, Training Accuracy= 0.9999, Minibatch Error= 0.0%, LogitsMatrix= [ 0.02207302 -0.19276154], Predictions= [ 0.55350304  0.44649696]
2017-03-13 20:40:49,464 Case: /home/ubuntu/ziyang/preprocessed_data/LabelMaps_1.00-1.00-1.00/048/case.nrrd
2017-03-13 20:41:05,153 Iter 100, Minibatch Loss= 1.0000, Training Accuracy= 1.0000, Minibatch Error= 0.0%, LogitsMatrix= [-0.01838827 -0.20184869], Predictions= [ 0.54573691  0.45426309]
2017-03-13 20:41:05,153 Case: /home/ubuntu/ziyang/preprocessed_data/LabelMaps_1.00-1.00-1.00/049/case.nrrd
2017-03-13 20:41:21,000 Iter 101, Minibatch Loss= 1.0049, Training Accuracy= 0.9992, Minibatch Error= 0.1%, LogitsMatrix= [ 0.02932667 -0.19688654], Predictions= [ 0.55631334  0.44368657]
2017-03-13 20:41:21,000 Case: /home/ubuntu/ziyang/preprocessed_data/LabelMaps_1.00-1.00-1.00/050/case.nrrd
2017-03-13 20:41:36,758 Iter 102, Minibatch Loss= 1.0091, Training Accuracy= 0.9984, Minibatch Error= 0.2%, LogitsMatrix= [ 0.05283849 -0.24978888], Predictions= [ 0.57508463  0.42491528]
2017-03-13 20:41:36,759 Case: /home/ubuntu/ziyang/preprocessed_data/LabelMaps_1.00-1.00-1.00/053/case.nrrd
2017-03-13 20:41:52,432 Iter 103, Minibatch Loss= 1.0180, Training Accuracy= 0.9963, Minibatch Error= 0.4%, LogitsMatrix= [-0.03374755 -0.26029277], Predictions= [ 0.55639529  0.44360468]
2017-03-13 20:41:52,433 Case: /home/ubuntu/ziyang/preprocessed_data/LabelMaps_1.00-1.00-1.00/056/case.nrrd
2017-03-13 20:42:08,248 Iter 104, Minibatch Loss= 1.0037, Training Accuracy= 0.9992, Minibatch Error= 0.1%, LogitsMatrix= [ 0.0784062  -0.23644453], Predictions= [ 0.57806885  0.42193118]
2017-03-13 20:42:08,248 Case: /home/ubuntu/ziyang/preprocessed_data/LabelMaps_1.00-1.00-1.00/058/case.nrrd
2017-03-13 20:42:23,759 Iter 105, Minibatch Loss= 1.0038, Training Accuracy= 0.9988, Minibatch Error= 0.1%, LogitsMatrix= [ 0.02633674 -0.29222333], Predictions= [ 0.57897329  0.42102671]
2017-03-13 20:42:23,760 Case: /home/ubuntu/ziyang/preprocessed_data/LabelMaps_1.00-1.00-1.00/059/case.nrrd
2017-03-13 20:42:39,795 Iter 106, Minibatch Loss= 1.0255, Training Accuracy= 0.9951, Minibatch Error= 0.5%, LogitsMatrix= [ 0.01868728 -0.2506699 ], Predictions= [ 0.56693506  0.43306488]
2017-03-13 20:42:39,796 Case: /home/ubuntu/ziyang/preprocessed_data/LabelMaps_1.00-1.00-1.00/060/case.nrrd
2017-03-13 20:42:55,114 Iter 107, Minibatch Loss= 1.0039, Training Accuracy= 0.9992, Minibatch Error= 0.1%, LogitsMatrix= [ 0.04662573 -0.24127042], Predictions= [ 0.57148099  0.42851898]
2017-03-13 20:42:55,114 Case: /home/ubuntu/ziyang/preprocessed_data/LabelMaps_1.00-1.00-1.00/063/case.nrrd
2017-03-13 20:43:10,594 Iter 108, Minibatch Loss= 1.0153, Training Accuracy= 0.9971, Minibatch Error= 0.3%, LogitsMatrix= [ 0.03310501 -0.23174447], Predictions= [ 0.56582803  0.43417194]
2017-03-13 20:43:10,594 Case: /home/ubuntu/ziyang/preprocessed_data/LabelMaps_1.00-1.00-1.00/064/case.nrrd
2017-03-13 20:43:26,096 Iter 109, Minibatch Loss= 1.0015, Training Accuracy= 0.9997, Minibatch Error= 0.0%, LogitsMatrix= [ 0.02471142 -0.24807233], Predictions= [ 0.5677762  0.4322238]
2017-03-13 20:43:26,096 Case: /home/ubuntu/ziyang/preprocessed_data/LabelMaps_1.00-1.00-1.00/069/case.nrrd
2017-03-13 20:43:41,374 Iter 110, Minibatch Loss= 1.0024, Training Accuracy= 0.9995, Minibatch Error= 0.0%, LogitsMatrix= [ 0.02059657 -0.27489853], Predictions= [ 0.57334089  0.42665914]
2017-03-13 20:43:41,375 Epoch 2, Average loss: 1.0040, Learning rate: 0.1805
2017-03-13 20:43:42,401 Validation Error= 0.1, Validation Loss= 1.0073
2017-03-13 20:43:45,181 Optimization Finished!
2017-03-13 20:46:00,282 Case: /home/ubuntu/ziyang/preprocessed_data/LabelMaps_1.00-1.00-1.00/028/case.nrrd
2017-03-13 20:46:01,092 Case: /home/ubuntu/ziyang/preprocessed_data/LabelMaps_1.00-1.00-1.00/051/case.nrrd
2017-03-13 20:46:03,099 Model restored from file: ./unet_trained/model.cpkt
