2017-07-20 11:07:17,356 Layers: 4, FeaturesRoot: 16, ConvolutionSize: 3*3*3, PoolingSize: 2*2*2
2017-07-20 11:07:17,378 Down Convoltion Layer: 0 Size: (?, ?, ?, ?, 16)
2017-07-20 11:07:17,397 Down Convoltion Layer: 1 Size: (?, ?, ?, ?, 32)
2017-07-20 11:07:17,416 Down Convoltion Layer: 2 Size: (?, ?, ?, ?, 64)
2017-07-20 11:07:17,436 Down Convoltion Layer: 3 Size: (?, ?, ?, ?, 128)
2017-07-20 11:07:17,495 Up Convoltion Layer: 2 Size: Tensor("going_up/layer_up_2/Shape_3:0", shape=(5,), dtype=int32)
2017-07-20 11:07:17,601 Up Convoltion Layer: 1 Size: Tensor("going_up/layer_up_1/Shape_3:0", shape=(5,), dtype=int32)
2017-07-20 11:07:17,661 Up Convoltion Layer: 0 Size: Tensor("going_up/layer_up_0/Shape_3:0", shape=(5,), dtype=int32)
2017-07-20 11:07:17,667 Output map shape (?, ?, ?, ?, 1), offset 88
2017-07-20 11:07:17,667 Actual Output Shape: (?, ?, ?, ?, 1)
2017-07-20 11:07:17,667 Desired Output Shape: (?, ?, ?, ?, 1)
2017-07-20 11:07:17,670 **************************************************
2017-07-20 11:07:17,671 getting cost
2017-07-20 11:07:17,671 Logits: (?, ?, ?, ?, 1)
2017-07-20 11:07:17,671 Y: (?, ?, ?, ?, 1)
2017-07-20 11:09:13,866 Removing '/mnt/DATA/gp1514/Dropbox/Projects/pw25/ziyang/3d_unet/prediction'
2017-07-20 11:09:13,866 Removing '/mnt/DATA/gp1514/Dropbox/Projects/pw25/ziyang/3d_unet/unet_trained'
2017-07-20 11:09:13,866 Allocating '/mnt/DATA/gp1514/Dropbox/Projects/pw25/ziyang/3d_unet/prediction'
2017-07-20 11:09:13,866 Allocating '/mnt/DATA/gp1514/Dropbox/Projects/pw25/ziyang/3d_unet/unet_trained'
2017-07-20 11:09:17,083 Validation Accuracy= 1.0000, Validation Loss= nan
2017-07-20 11:09:17,346 Start optimization
2017-07-20 11:09:27,448 Iter 0, Minibatch Loss= nan, Accuracy= 1.0000
